{"C:\\Users\\ivand\\Documents\\workspaces\\sgmf2\\server\\src\\modules\\athletegroups\\services\\CreateAthleteGroupService.ts": {"path":"C:\\Users\\ivand\\Documents\\workspaces\\sgmf2\\server\\src\\modules\\athletegroups\\services\\CreateAthleteGroupService.ts","statementMap":{"0":{"start":{"line":1,"column":0},"end":{"line":1,"column":46}},"1":{"start":{"line":2,"column":0},"end":{"line":2,"column":47}},"2":{"start":{"line":8,"column":0},"end":{"line":8,"column":6}},"3":{"start":{"line":11,"column":12},"end":{"line":11,"column":61}},"4":{"start":{"line":14,"column":15},"end":{"line":32,"column":null}},"5":{"start":{"line":15,"column":9},"end":{"line":15,"column":null}},"6":{"start":{"line":16,"column":15},"end":{"line":16,"column":null}},"7":{"start":{"line":18,"column":4},"end":{"line":20,"column":null}},"8":{"start":{"line":19,"column":6},"end":{"line":19,"column":69}},"9":{"start":{"line":22,"column":4},"end":{"line":24,"column":null}},"10":{"start":{"line":23,"column":6},"end":{"line":23,"column":73}},"11":{"start":{"line":26,"column":25},"end":{"line":29,"column":null}},"12":{"start":{"line":26,"column":10},"end":{"line":29,"column":null}},"13":{"start":{"line":31,"column":4},"end":{"line":31,"column":24}},"14":{"start":{"line":8,"column":6},"end":{"line":33,"column":null}},"15":{"start":{"line":33,"column":0},"end":{"line":33,"column":null}},"16":{"start":{"line":35,"column":0},"end":{"line":35,"column":41}}},"fnMap":{"0":{"name":"(anonymous_18)","decl":{"start":{"line":8,"column":0},"end":{"line":8,"column":6}},"loc":{"start":{"line":8,"column":0},"end":{"line":8,"column":6}}},"1":{"name":"CreateAthleteGroupService","decl":{"start":{"line":9,"column":2},"end":{"line":9,"column":null}},"loc":{"start":{"line":11,"column":61},"end":{"line":12,"column":7}}},"2":{"name":"(anonymous_20)","decl":{"start":{"line":14,"column":2},"end":{"line":14,"column":15}},"loc":{"start":{"line":17,"column":27},"end":{"line":32,"column":null}}}},"branchMap":{"0":{"loc":{"start":{"line":18,"column":4},"end":{"line":20,"column":null}},"type":"if","locations":[{"start":{"line":18,"column":4},"end":{"line":20,"column":null}},{"start":{"line":18,"column":4},"end":{"line":20,"column":null}}]},"1":{"loc":{"start":{"line":22,"column":4},"end":{"line":24,"column":null}},"type":"if","locations":[{"start":{"line":22,"column":4},"end":{"line":24,"column":null}},{"start":{"line":22,"column":4},"end":{"line":24,"column":null}}]}},"s":{"0":1,"1":1,"2":1,"3":3,"4":1,"5":3,"6":3,"7":3,"8":1,"9":2,"10":1,"11":1,"12":1,"13":1,"14":1,"15":1,"16":1},"f":{"0":1,"1":3,"2":3},"b":{"0":[1,2],"1":[1,1]}}
,"C:\\Users\\ivand\\Documents\\workspaces\\sgmf2\\server\\src\\modules\\athletegroups\\services\\FindAtheteGroupsService.ts": {"path":"C:\\Users\\ivand\\Documents\\workspaces\\sgmf2\\server\\src\\modules\\athletegroups\\services\\FindAtheteGroupsService.ts","statementMap":{"0":{"start":{"line":1,"column":0},"end":{"line":1,"column":46}},"1":{"start":{"line":6,"column":0},"end":{"line":6,"column":6}},"2":{"start":{"line":9,"column":12},"end":{"line":9,"column":61}},"3":{"start":{"line":12,"column":15},"end":{"line":16,"column":null}},"4":{"start":{"line":13,"column":26},"end":{"line":13,"column":null}},"5":{"start":{"line":13,"column":10},"end":{"line":13,"column":null}},"6":{"start":{"line":15,"column":4},"end":{"line":15,"column":25}},"7":{"start":{"line":6,"column":6},"end":{"line":17,"column":null}},"8":{"start":{"line":17,"column":0},"end":{"line":17,"column":null}},"9":{"start":{"line":19,"column":0},"end":{"line":19,"column":40}}},"fnMap":{"0":{"name":"(anonymous_17)","decl":{"start":{"line":6,"column":0},"end":{"line":6,"column":6}},"loc":{"start":{"line":6,"column":0},"end":{"line":6,"column":6}}},"1":{"name":"FindAthleteGroupsService","decl":{"start":{"line":7,"column":2},"end":{"line":7,"column":null}},"loc":{"start":{"line":9,"column":61},"end":{"line":10,"column":7}}},"2":{"name":"(anonymous_19)","decl":{"start":{"line":12,"column":2},"end":{"line":12,"column":15}},"loc":{"start":{"line":12,"column":2},"end":{"line":16,"column":null}}}},"branchMap":{"0":{"loc":{"start":{"line":13,"column":26},"end":{"line":13,"column":null}},"type":"switch","locations":[{"start":{"line":13,"column":26},"end":{"line":13,"column":null}}]}},"s":{"0":1,"1":1,"2":1,"3":1,"4":1,"5":1,"6":1,"7":1,"8":1,"9":1},"f":{"0":1,"1":1,"2":1},"b":{"0":[1]}}
,"C:\\Users\\ivand\\Documents\\workspaces\\sgmf2\\server\\src\\modules\\athletes\\services\\CreateAthleteService.ts": {"path":"C:\\Users\\ivand\\Documents\\workspaces\\sgmf2\\server\\src\\modules\\athletes\\services\\CreateAthleteService.ts","statementMap":{"0":{"start":{"line":1,"column":0},"end":{"line":1,"column":36}},"1":{"start":{"line":2,"column":0},"end":{"line":2,"column":47}},"2":{"start":{"line":3,"column":0},"end":{"line":3,"column":46}},"3":{"start":{"line":11,"column":0},"end":{"line":11,"column":6}},"4":{"start":{"line":14,"column":12},"end":{"line":14,"column":51}},"5":{"start":{"line":17,"column":12},"end":{"line":17,"column":61}},"6":{"start":{"line":20,"column":12},"end":{"line":20,"column":61}},"7":{"start":{"line":23,"column":15},"end":{"line":78,"column":null}},"8":{"start":{"line":24,"column":8},"end":{"line":24,"column":null}},"9":{"start":{"line":25,"column":13},"end":{"line":25,"column":null}},"10":{"start":{"line":26,"column":15},"end":{"line":26,"column":null}},"11":{"start":{"line":27,"column":19},"end":{"line":27,"column":null}},"12":{"start":{"line":28,"column":20},"end":{"line":28,"column":null}},"13":{"start":{"line":30,"column":4},"end":{"line":32,"column":null}},"14":{"start":{"line":31,"column":6},"end":{"line":31,"column":67}},"15":{"start":{"line":34,"column":4},"end":{"line":39,"column":null}},"16":{"start":{"line":35,"column":6},"end":{"line":38,"column":8}},"17":{"start":{"line":41,"column":4},"end":{"line":46,"column":null}},"18":{"start":{"line":42,"column":6},"end":{"line":45,"column":8}},"19":{"start":{"line":48,"column":4},"end":{"line":53,"column":null}},"20":{"start":{"line":49,"column":6},"end":{"line":52,"column":8}},"21":{"start":{"line":54,"column":25},"end":{"line":56,"column":null}},"22":{"start":{"line":54,"column":10},"end":{"line":56,"column":null}},"23":{"start":{"line":57,"column":25},"end":{"line":59,"column":null}},"24":{"start":{"line":57,"column":10},"end":{"line":59,"column":null}},"25":{"start":{"line":61,"column":4},"end":{"line":63,"column":null}},"26":{"start":{"line":62,"column":6},"end":{"line":62,"column":54}},"27":{"start":{"line":65,"column":4},"end":{"line":67,"column":null}},"28":{"start":{"line":66,"column":6},"end":{"line":66,"column":54}},"29":{"start":{"line":69,"column":20},"end":{"line":75,"column":null}},"30":{"start":{"line":69,"column":10},"end":{"line":75,"column":null}},"31":{"start":{"line":77,"column":4},"end":{"line":77,"column":19}},"32":{"start":{"line":11,"column":6},"end":{"line":79,"column":null}},"33":{"start":{"line":79,"column":0},"end":{"line":79,"column":null}},"34":{"start":{"line":81,"column":0},"end":{"line":81,"column":36}}},"fnMap":{"0":{"name":"(anonymous_18)","decl":{"start":{"line":11,"column":0},"end":{"line":11,"column":6}},"loc":{"start":{"line":11,"column":0},"end":{"line":11,"column":6}}},"1":{"name":"CreateAthleteService","decl":{"start":{"line":12,"column":2},"end":{"line":12,"column":null}},"loc":{"start":{"line":20,"column":61},"end":{"line":21,"column":7}}},"2":{"name":"(anonymous_20)","decl":{"start":{"line":23,"column":2},"end":{"line":23,"column":15}},"loc":{"start":{"line":29,"column":29},"end":{"line":78,"column":null}}}},"branchMap":{"0":{"loc":{"start":{"line":30,"column":4},"end":{"line":32,"column":null}},"type":"if","locations":[{"start":{"line":30,"column":4},"end":{"line":32,"column":null}},{"start":{"line":30,"column":4},"end":{"line":32,"column":null}}]},"1":{"loc":{"start":{"line":34,"column":4},"end":{"line":39,"column":null}},"type":"if","locations":[{"start":{"line":34,"column":4},"end":{"line":39,"column":null}},{"start":{"line":34,"column":4},"end":{"line":39,"column":null}}]},"2":{"loc":{"start":{"line":41,"column":4},"end":{"line":46,"column":null}},"type":"if","locations":[{"start":{"line":41,"column":4},"end":{"line":46,"column":null}},{"start":{"line":41,"column":4},"end":{"line":46,"column":null}}]},"3":{"loc":{"start":{"line":48,"column":4},"end":{"line":53,"column":null}},"type":"if","locations":[{"start":{"line":48,"column":4},"end":{"line":53,"column":null}},{"start":{"line":48,"column":4},"end":{"line":53,"column":null}}]},"4":{"loc":{"start":{"line":61,"column":4},"end":{"line":63,"column":null}},"type":"if","locations":[{"start":{"line":61,"column":4},"end":{"line":63,"column":null}},{"start":{"line":61,"column":4},"end":{"line":63,"column":null}}]},"5":{"loc":{"start":{"line":65,"column":4},"end":{"line":67,"column":null}},"type":"if","locations":[{"start":{"line":65,"column":4},"end":{"line":67,"column":null}},{"start":{"line":65,"column":4},"end":{"line":67,"column":null}}]}},"s":{"0":1,"1":1,"2":1,"3":1,"4":8,"5":8,"6":8,"7":1,"8":8,"9":8,"10":8,"11":8,"12":8,"13":8,"14":1,"15":7,"16":1,"17":6,"18":2,"19":4,"20":1,"21":3,"22":3,"23":3,"24":3,"25":3,"26":1,"27":2,"28":1,"29":1,"30":1,"31":1,"32":1,"33":1,"34":1},"f":{"0":1,"1":8,"2":8},"b":{"0":[1,7],"1":[1,6],"2":[2,4],"3":[1,3],"4":[1,2],"5":[1,1]}}
,"C:\\Users\\ivand\\Documents\\workspaces\\sgmf2\\server\\src\\modules\\athletes\\services\\FindAthleteService.ts": {"path":"C:\\Users\\ivand\\Documents\\workspaces\\sgmf2\\server\\src\\modules\\athletes\\services\\FindAthleteService.ts","statementMap":{"0":{"start":{"line":1,"column":0},"end":{"line":1,"column":47}},"1":{"start":{"line":2,"column":0},"end":{"line":2,"column":46}},"2":{"start":{"line":8,"column":0},"end":{"line":8,"column":6}},"3":{"start":{"line":11,"column":12},"end":{"line":11,"column":51}},"4":{"start":{"line":14,"column":15},"end":{"line":25,"column":null}},"5":{"start":{"line":14,"column":27},"end":{"line":14,"column":46}},"6":{"start":{"line":15,"column":4},"end":{"line":17,"column":null}},"7":{"start":{"line":16,"column":6},"end":{"line":16,"column":66}},"8":{"start":{"line":18,"column":20},"end":{"line":18,"column":null}},"9":{"start":{"line":18,"column":10},"end":{"line":18,"column":null}},"10":{"start":{"line":20,"column":4},"end":{"line":22,"column":null}},"11":{"start":{"line":21,"column":6},"end":{"line":21,"column":54}},"12":{"start":{"line":24,"column":4},"end":{"line":24,"column":19}},"13":{"start":{"line":8,"column":6},"end":{"line":26,"column":null}},"14":{"start":{"line":26,"column":0},"end":{"line":26,"column":null}},"15":{"start":{"line":28,"column":0},"end":{"line":28,"column":34}}},"fnMap":{"0":{"name":"(anonymous_18)","decl":{"start":{"line":8,"column":0},"end":{"line":8,"column":6}},"loc":{"start":{"line":8,"column":0},"end":{"line":8,"column":6}}},"1":{"name":"FindAthleteService","decl":{"start":{"line":9,"column":2},"end":{"line":9,"column":null}},"loc":{"start":{"line":11,"column":51},"end":{"line":12,"column":7}}},"2":{"name":"(anonymous_20)","decl":{"start":{"line":14,"column":2},"end":{"line":14,"column":15}},"loc":{"start":{"line":14,"column":46},"end":{"line":25,"column":null}}}},"branchMap":{"0":{"loc":{"start":{"line":15,"column":4},"end":{"line":17,"column":null}},"type":"if","locations":[{"start":{"line":15,"column":4},"end":{"line":17,"column":null}},{"start":{"line":15,"column":4},"end":{"line":17,"column":null}}]},"1":{"loc":{"start":{"line":20,"column":4},"end":{"line":22,"column":null}},"type":"if","locations":[{"start":{"line":20,"column":4},"end":{"line":22,"column":null}},{"start":{"line":20,"column":4},"end":{"line":22,"column":null}}]}},"s":{"0":1,"1":1,"2":1,"3":3,"4":1,"5":3,"6":3,"7":1,"8":2,"9":2,"10":2,"11":1,"12":1,"13":1,"14":1,"15":1},"f":{"0":1,"1":3,"2":3},"b":{"0":[1,2],"1":[1,1]}}
,"C:\\Users\\ivand\\Documents\\workspaces\\sgmf2\\server\\src\\modules\\athletes\\services\\FindAthletesByNameService.ts": {"path":"C:\\Users\\ivand\\Documents\\workspaces\\sgmf2\\server\\src\\modules\\athletes\\services\\FindAthletesByNameService.ts","statementMap":{"0":{"start":{"line":1,"column":0},"end":{"line":1,"column":47}},"1":{"start":{"line":2,"column":0},"end":{"line":2,"column":46}},"2":{"start":{"line":7,"column":0},"end":{"line":7,"column":6}},"3":{"start":{"line":10,"column":12},"end":{"line":10,"column":51}},"4":{"start":{"line":13,"column":15},"end":{"line":62,"column":null}},"5":{"start":{"line":14,"column":10},"end":{"line":14,"column":12}},"6":{"start":{"line":14,"column":16},"end":{"line":14,"column":18}},"7":{"start":{"line":14,"column":26},"end":{"line":14,"column":38}},"8":{"start":{"line":16,"column":8},"end":{"line":16,"column":9}},"9":{"start":{"line":17,"column":10},"end":{"line":17,"column":11}},"10":{"start":{"line":18,"column":34},"end":{"line":18,"column":null}},"11":{"start":{"line":18,"column":14},"end":{"line":18,"column":34}},"12":{"start":{"line":19,"column":8},"end":{"line":19,"column":45}},"13":{"start":{"line":22,"column":6},"end":{"line":24,"column":null}},"14":{"start":{"line":23,"column":8},"end":{"line":23,"column":78}},"15":{"start":{"line":26,"column":32},"end":{"line":32,"column":null}},"16":{"start":{"line":26,"column":12},"end":{"line":26,"column":32}},"17":{"start":{"line":34,"column":12},"end":{"line":34,"column":56}},"18":{"start":{"line":36,"column":6},"end":{"line":36,"column":40}},"19":{"start":{"line":40,"column":8},"end":{"line":40,"column":9}},"20":{"start":{"line":41,"column":32},"end":{"line":43,"column":null}},"21":{"start":{"line":41,"column":12},"end":{"line":41,"column":32}},"22":{"start":{"line":44,"column":6},"end":{"line":44,"column":43}},"23":{"start":{"line":46,"column":4},"end":{"line":48,"column":null}},"24":{"start":{"line":47,"column":6},"end":{"line":47,"column":76}},"25":{"start":{"line":50,"column":30},"end":{"line":57,"column":null}},"26":{"start":{"line":50,"column":10},"end":{"line":50,"column":30}},"27":{"start":{"line":59,"column":10},"end":{"line":59,"column":54}},"28":{"start":{"line":61,"column":4},"end":{"line":61,"column":38}},"29":{"start":{"line":7,"column":6},"end":{"line":63,"column":null}},"30":{"start":{"line":63,"column":0},"end":{"line":63,"column":null}},"31":{"start":{"line":65,"column":0},"end":{"line":65,"column":41}}},"fnMap":{"0":{"name":"(anonymous_18)","decl":{"start":{"line":7,"column":0},"end":{"line":7,"column":6}},"loc":{"start":{"line":7,"column":0},"end":{"line":7,"column":6}}},"1":{"name":"FindAthletesByNameService","decl":{"start":{"line":8,"column":2},"end":{"line":8,"column":null}},"loc":{"start":{"line":10,"column":51},"end":{"line":11,"column":7}}},"2":{"name":"(anonymous_20)","decl":{"start":{"line":13,"column":2},"end":{"line":13,"column":15}},"loc":{"start":{"line":14,"column":38},"end":{"line":62,"column":null}}}},"branchMap":{"0":{"loc":{"start":{"line":16,"column":8},"end":{"line":16,"column":9}},"type":"if","locations":[{"start":{"line":16,"column":8},"end":{"line":16,"column":9}},{"start":{"line":16,"column":8},"end":{"line":16,"column":9}}]},"1":{"loc":{"start":{"line":17,"column":10},"end":{"line":17,"column":11}},"type":"if","locations":[{"start":{"line":17,"column":10},"end":{"line":17,"column":11}},{"start":{"line":17,"column":10},"end":{"line":17,"column":11}}]},"2":{"loc":{"start":{"line":17,"column":10},"end":{"line":17,"column":15}},"type":"binary-expr","locations":[{"start":{"line":17,"column":10},"end":{"line":17,"column":15}},{"start":{"line":17,"column":19},"end":{"line":17,"column":28}}]},"3":{"loc":{"start":{"line":22,"column":6},"end":{"line":24,"column":null}},"type":"if","locations":[{"start":{"line":22,"column":6},"end":{"line":24,"column":null}},{"start":{"line":22,"column":6},"end":{"line":24,"column":null}}]},"4":{"loc":{"start":{"line":22,"column":10},"end":{"line":22,"column":29}},"type":"binary-expr","locations":[{"start":{"line":22,"column":10},"end":{"line":22,"column":29}},{"start":{"line":22,"column":33},"end":{"line":22,"column":56}}]},"5":{"loc":{"start":{"line":40,"column":8},"end":{"line":40,"column":9}},"type":"if","locations":[{"start":{"line":40,"column":8},"end":{"line":40,"column":9}},{"start":{"line":40,"column":8},"end":{"line":40,"column":9}}]},"6":{"loc":{"start":{"line":40,"column":8},"end":{"line":40,"column":13}},"type":"binary-expr","locations":[{"start":{"line":40,"column":8},"end":{"line":40,"column":13}},{"start":{"line":40,"column":17},"end":{"line":40,"column":26}}]},"7":{"loc":{"start":{"line":46,"column":4},"end":{"line":48,"column":null}},"type":"if","locations":[{"start":{"line":46,"column":4},"end":{"line":48,"column":null}},{"start":{"line":46,"column":4},"end":{"line":48,"column":null}}]},"8":{"loc":{"start":{"line":46,"column":8},"end":{"line":46,"column":27}},"type":"binary-expr","locations":[{"start":{"line":46,"column":8},"end":{"line":46,"column":27}},{"start":{"line":46,"column":31},"end":{"line":46,"column":54}}]}},"s":{"0":1,"1":1,"2":1,"3":5,"4":1,"5":7,"6":7,"7":7,"8":11,"9":5,"10":1,"11":1,"12":1,"13":2,"14":1,"15":1,"16":1,"17":1,"18":1,"19":7,"20":1,"21":1,"22":1,"23":3,"24":2,"25":1,"26":1,"27":1,"28":1,"29":1,"30":1,"31":1},"f":{"0":1,"1":5,"2":7},"b":{"0":[4,3],"1":[2,1],"2":[3,2],"3":[1,1],"4":[2,2],"5":[3,1],"6":[4,3],"7":[2,1],"8":[3,2]}}
,"C:\\Users\\ivand\\Documents\\workspaces\\sgmf2\\server\\src\\modules\\athletes\\services\\ListActiveAthletesByReferralGroupService.ts": {"path":"C:\\Users\\ivand\\Documents\\workspaces\\sgmf2\\server\\src\\modules\\athletes\\services\\ListActiveAthletesByReferralGroupService.ts","statementMap":{"0":{"start":{"line":1,"column":0},"end":{"line":1,"column":47}},"1":{"start":{"line":2,"column":0},"end":{"line":2,"column":46}},"2":{"start":{"line":8,"column":0},"end":{"line":8,"column":6}},"3":{"start":{"line":11,"column":12},"end":{"line":11,"column":51}},"4":{"start":{"line":14,"column":15},"end":{"line":26,"column":null}},"5":{"start":{"line":15,"column":21},"end":{"line":15,"column":null}},"6":{"start":{"line":17,"column":4},"end":{"line":19,"column":null}},"7":{"start":{"line":18,"column":6},"end":{"line":18,"column":69}},"8":{"start":{"line":20,"column":25},"end":{"line":23,"column":null}},"9":{"start":{"line":20,"column":10},"end":{"line":23,"column":null}},"10":{"start":{"line":25,"column":4},"end":{"line":25,"column":24}},"11":{"start":{"line":8,"column":6},"end":{"line":27,"column":null}},"12":{"start":{"line":27,"column":0},"end":{"line":27,"column":null}},"13":{"start":{"line":29,"column":0},"end":{"line":29,"column":56}}},"fnMap":{"0":{"name":"(anonymous_18)","decl":{"start":{"line":8,"column":0},"end":{"line":8,"column":6}},"loc":{"start":{"line":8,"column":0},"end":{"line":8,"column":6}}},"1":{"name":"ListActiveAthletesByReferralGroupService","decl":{"start":{"line":9,"column":2},"end":{"line":9,"column":null}},"loc":{"start":{"line":11,"column":51},"end":{"line":12,"column":7}}},"2":{"name":"(anonymous_20)","decl":{"start":{"line":14,"column":2},"end":{"line":14,"column":15}},"loc":{"start":{"line":16,"column":36},"end":{"line":26,"column":null}}}},"branchMap":{"0":{"loc":{"start":{"line":17,"column":4},"end":{"line":19,"column":null}},"type":"if","locations":[{"start":{"line":17,"column":4},"end":{"line":19,"column":null}},{"start":{"line":17,"column":4},"end":{"line":19,"column":null}}]}},"s":{"0":1,"1":1,"2":1,"3":2,"4":1,"5":2,"6":2,"7":1,"8":1,"9":1,"10":1,"11":1,"12":1,"13":1},"f":{"0":1,"1":2,"2":2},"b":{"0":[1,1]}}
,"C:\\Users\\ivand\\Documents\\workspaces\\sgmf2\\server\\src\\modules\\athletes\\services\\ListAthletesByReferralGroupService.ts": {"path":"C:\\Users\\ivand\\Documents\\workspaces\\sgmf2\\server\\src\\modules\\athletes\\services\\ListAthletesByReferralGroupService.ts","statementMap":{"0":{"start":{"line":1,"column":0},"end":{"line":1,"column":46}},"1":{"start":{"line":7,"column":0},"end":{"line":7,"column":6}},"2":{"start":{"line":10,"column":12},"end":{"line":10,"column":51}},"3":{"start":{"line":13,"column":15},"end":{"line":21,"column":null}},"4":{"start":{"line":14,"column":21},"end":{"line":14,"column":null}},"5":{"start":{"line":16,"column":21},"end":{"line":18,"column":null}},"6":{"start":{"line":16,"column":10},"end":{"line":18,"column":null}},"7":{"start":{"line":20,"column":4},"end":{"line":20,"column":20}},"8":{"start":{"line":7,"column":6},"end":{"line":22,"column":null}},"9":{"start":{"line":22,"column":0},"end":{"line":22,"column":null}},"10":{"start":{"line":24,"column":0},"end":{"line":24,"column":50}}},"fnMap":{"0":{"name":"(anonymous_17)","decl":{"start":{"line":7,"column":0},"end":{"line":7,"column":6}},"loc":{"start":{"line":7,"column":0},"end":{"line":7,"column":6}}},"1":{"name":"ListAthletesByReferralGroupService","decl":{"start":{"line":8,"column":2},"end":{"line":8,"column":null}},"loc":{"start":{"line":10,"column":51},"end":{"line":11,"column":7}}},"2":{"name":"(anonymous_19)","decl":{"start":{"line":13,"column":2},"end":{"line":13,"column":15}},"loc":{"start":{"line":15,"column":36},"end":{"line":21,"column":null}}}},"branchMap":{"0":{"loc":{"start":{"line":16,"column":21},"end":{"line":18,"column":null}},"type":"switch","locations":[{"start":{"line":16,"column":21},"end":{"line":18,"column":null}}]}},"s":{"0":1,"1":1,"2":1,"3":1,"4":1,"5":1,"6":1,"7":1,"8":1,"9":1,"10":1},"f":{"0":1,"1":1,"2":1},"b":{"0":[1]}}
,"C:\\Users\\ivand\\Documents\\workspaces\\sgmf2\\server\\src\\modules\\athletes\\services\\ListAthletesService.ts": {"path":"C:\\Users\\ivand\\Documents\\workspaces\\sgmf2\\server\\src\\modules\\athletes\\services\\ListAthletesService.ts","statementMap":{"0":{"start":{"line":1,"column":0},"end":{"line":1,"column":46}},"1":{"start":{"line":2,"column":0},"end":{"line":2,"column":47}},"2":{"start":{"line":7,"column":0},"end":{"line":7,"column":6}},"3":{"start":{"line":10,"column":12},"end":{"line":10,"column":51}},"4":{"start":{"line":13,"column":15},"end":{"line":34,"column":null}},"5":{"start":{"line":13,"column":29},"end":{"line":13,"column":31}},"6":{"start":{"line":13,"column":39},"end":{"line":13,"column":51}},"7":{"start":{"line":14,"column":8},"end":{"line":14,"column":9}},"8":{"start":{"line":15,"column":32},"end":{"line":15,"column":null}},"9":{"start":{"line":15,"column":12},"end":{"line":15,"column":32}},"10":{"start":{"line":16,"column":6},"end":{"line":16,"column":43}},"11":{"start":{"line":19,"column":4},"end":{"line":21,"column":null}},"12":{"start":{"line":20,"column":6},"end":{"line":20,"column":76}},"13":{"start":{"line":23,"column":30},"end":{"line":29,"column":null}},"14":{"start":{"line":23,"column":10},"end":{"line":23,"column":30}},"15":{"start":{"line":31,"column":10},"end":{"line":31,"column":54}},"16":{"start":{"line":33,"column":4},"end":{"line":33,"column":38}},"17":{"start":{"line":7,"column":6},"end":{"line":35,"column":null}},"18":{"start":{"line":35,"column":0},"end":{"line":35,"column":null}},"19":{"start":{"line":37,"column":0},"end":{"line":37,"column":35}}},"fnMap":{"0":{"name":"(anonymous_18)","decl":{"start":{"line":7,"column":0},"end":{"line":7,"column":6}},"loc":{"start":{"line":7,"column":0},"end":{"line":7,"column":6}}},"1":{"name":"ListAthletesService","decl":{"start":{"line":8,"column":2},"end":{"line":8,"column":null}},"loc":{"start":{"line":10,"column":51},"end":{"line":11,"column":7}}},"2":{"name":"(anonymous_20)","decl":{"start":{"line":13,"column":2},"end":{"line":13,"column":15}},"loc":{"start":{"line":13,"column":51},"end":{"line":34,"column":null}}}},"branchMap":{"0":{"loc":{"start":{"line":14,"column":8},"end":{"line":14,"column":9}},"type":"if","locations":[{"start":{"line":14,"column":8},"end":{"line":14,"column":9}},{"start":{"line":14,"column":8},"end":{"line":14,"column":9}}]},"1":{"loc":{"start":{"line":14,"column":8},"end":{"line":14,"column":13}},"type":"binary-expr","locations":[{"start":{"line":14,"column":8},"end":{"line":14,"column":13}},{"start":{"line":14,"column":17},"end":{"line":14,"column":26}}]},"2":{"loc":{"start":{"line":19,"column":4},"end":{"line":21,"column":null}},"type":"if","locations":[{"start":{"line":19,"column":4},"end":{"line":21,"column":null}},{"start":{"line":19,"column":4},"end":{"line":21,"column":null}}]},"3":{"loc":{"start":{"line":19,"column":8},"end":{"line":19,"column":27}},"type":"binary-expr","locations":[{"start":{"line":19,"column":8},"end":{"line":19,"column":27}},{"start":{"line":19,"column":31},"end":{"line":19,"column":54}}]}},"s":{"0":1,"1":1,"2":1,"3":3,"4":1,"5":3,"6":3,"7":5,"8":1,"9":1,"10":1,"11":2,"12":1,"13":1,"14":1,"15":1,"16":1,"17":1,"18":1,"19":1},"f":{"0":1,"1":3,"2":3},"b":{"0":[2,1],"1":[3,2],"2":[1,1],"3":[2,2]}}
,"C:\\Users\\ivand\\Documents\\workspaces\\sgmf2\\server\\src\\modules\\athletes\\services\\UpdateAthleteActiveFieldService.ts": {"path":"C:\\Users\\ivand\\Documents\\workspaces\\sgmf2\\server\\src\\modules\\athletes\\services\\UpdateAthleteActiveFieldService.ts","statementMap":{"0":{"start":{"line":1,"column":0},"end":{"line":1,"column":46}},"1":{"start":{"line":2,"column":0},"end":{"line":2,"column":47}},"2":{"start":{"line":8,"column":0},"end":{"line":8,"column":6}},"3":{"start":{"line":11,"column":12},"end":{"line":11,"column":51}},"4":{"start":{"line":14,"column":15},"end":{"line":29,"column":null}},"5":{"start":{"line":15,"column":14},"end":{"line":15,"column":null}},"6":{"start":{"line":16,"column":10},"end":{"line":16,"column":null}},"7":{"start":{"line":18,"column":20},"end":{"line":18,"column":null}},"8":{"start":{"line":18,"column":10},"end":{"line":18,"column":null}},"9":{"start":{"line":20,"column":4},"end":{"line":22,"column":null}},"10":{"start":{"line":21,"column":6},"end":{"line":21,"column":54}},"11":{"start":{"line":24,"column":4},"end":{"line":24,"column":28}},"12":{"start":{"line":26,"column":4},"end":{"line":26,"column":48}},"13":{"start":{"line":28,"column":4},"end":{"line":28,"column":19}},"14":{"start":{"line":8,"column":6},"end":{"line":30,"column":null}},"15":{"start":{"line":30,"column":0},"end":{"line":30,"column":null}},"16":{"start":{"line":32,"column":0},"end":{"line":32,"column":47}}},"fnMap":{"0":{"name":"(anonymous_18)","decl":{"start":{"line":8,"column":0},"end":{"line":8,"column":6}},"loc":{"start":{"line":8,"column":0},"end":{"line":8,"column":6}}},"1":{"name":"UpdateAthleteActiveFieldService","decl":{"start":{"line":9,"column":2},"end":{"line":9,"column":null}},"loc":{"start":{"line":11,"column":51},"end":{"line":12,"column":7}}},"2":{"name":"(anonymous_20)","decl":{"start":{"line":14,"column":2},"end":{"line":14,"column":15}},"loc":{"start":{"line":17,"column":33},"end":{"line":29,"column":null}}}},"branchMap":{"0":{"loc":{"start":{"line":18,"column":20},"end":{"line":18,"column":null}},"type":"switch","locations":[{"start":{"line":18,"column":20},"end":{"line":18,"column":null}}]},"1":{"loc":{"start":{"line":20,"column":4},"end":{"line":22,"column":null}},"type":"if","locations":[{"start":{"line":20,"column":4},"end":{"line":22,"column":null}},{"start":{"line":20,"column":4},"end":{"line":22,"column":null}}]}},"s":{"0":1,"1":1,"2":1,"3":2,"4":1,"5":2,"6":2,"7":2,"8":2,"9":2,"10":1,"11":1,"12":2,"13":1,"14":1,"15":1,"16":1},"f":{"0":1,"1":2,"2":2},"b":{"0":[2],"1":[1,1]}}
,"C:\\Users\\ivand\\Documents\\workspaces\\sgmf2\\server\\src\\modules\\athletes\\services\\UpdateAthleteAthleteGroupService.ts": {"path":"C:\\Users\\ivand\\Documents\\workspaces\\sgmf2\\server\\src\\modules\\athletes\\services\\UpdateAthleteAthleteGroupService.ts","statementMap":{"0":{"start":{"line":1,"column":0},"end":{"line":1,"column":46}},"1":{"start":{"line":2,"column":0},"end":{"line":2,"column":47}},"2":{"start":{"line":9,"column":0},"end":{"line":9,"column":6}},"3":{"start":{"line":12,"column":12},"end":{"line":12,"column":51}},"4":{"start":{"line":15,"column":12},"end":{"line":15,"column":61}},"5":{"start":{"line":18,"column":15},"end":{"line":41,"column":null}},"6":{"start":{"line":19,"column":14},"end":{"line":19,"column":null}},"7":{"start":{"line":20,"column":20},"end":{"line":20,"column":null}},"8":{"start":{"line":22,"column":20},"end":{"line":22,"column":null}},"9":{"start":{"line":22,"column":10},"end":{"line":22,"column":null}},"10":{"start":{"line":24,"column":4},"end":{"line":26,"column":null}},"11":{"start":{"line":25,"column":6},"end":{"line":25,"column":54}},"12":{"start":{"line":28,"column":25},"end":{"line":30,"column":null}},"13":{"start":{"line":28,"column":10},"end":{"line":30,"column":null}},"14":{"start":{"line":32,"column":4},"end":{"line":34,"column":null}},"15":{"start":{"line":33,"column":6},"end":{"line":33,"column":54}},"16":{"start":{"line":36,"column":4},"end":{"line":36,"column":40}},"17":{"start":{"line":38,"column":4},"end":{"line":38,"column":48}},"18":{"start":{"line":40,"column":4},"end":{"line":40,"column":19}},"19":{"start":{"line":9,"column":6},"end":{"line":42,"column":null}},"20":{"start":{"line":42,"column":0},"end":{"line":42,"column":null}},"21":{"start":{"line":44,"column":0},"end":{"line":44,"column":48}}},"fnMap":{"0":{"name":"(anonymous_18)","decl":{"start":{"line":9,"column":0},"end":{"line":9,"column":6}},"loc":{"start":{"line":9,"column":0},"end":{"line":9,"column":6}}},"1":{"name":"UpdateAthleteAthleteGroupService","decl":{"start":{"line":10,"column":2},"end":{"line":10,"column":null}},"loc":{"start":{"line":15,"column":61},"end":{"line":16,"column":7}}},"2":{"name":"(anonymous_20)","decl":{"start":{"line":18,"column":2},"end":{"line":18,"column":15}},"loc":{"start":{"line":21,"column":27},"end":{"line":41,"column":null}}}},"branchMap":{"0":{"loc":{"start":{"line":22,"column":20},"end":{"line":22,"column":null}},"type":"switch","locations":[{"start":{"line":22,"column":20},"end":{"line":22,"column":null}}]},"1":{"loc":{"start":{"line":24,"column":4},"end":{"line":26,"column":null}},"type":"if","locations":[{"start":{"line":24,"column":4},"end":{"line":26,"column":null}},{"start":{"line":24,"column":4},"end":{"line":26,"column":null}}]},"2":{"loc":{"start":{"line":32,"column":4},"end":{"line":34,"column":null}},"type":"if","locations":[{"start":{"line":32,"column":4},"end":{"line":34,"column":null}},{"start":{"line":32,"column":4},"end":{"line":34,"column":null}}]}},"s":{"0":1,"1":1,"2":1,"3":3,"4":3,"5":1,"6":3,"7":3,"8":3,"9":3,"10":3,"11":1,"12":2,"13":2,"14":2,"15":1,"16":1,"17":2,"18":1,"19":1,"20":1,"21":1},"f":{"0":1,"1":3,"2":3},"b":{"0":[3],"1":[1,2],"2":[1,1]}}
,"C:\\Users\\ivand\\Documents\\workspaces\\sgmf2\\server\\src\\modules\\athletes\\services\\UpdateAthleteReferralGroupService.ts": {"path":"C:\\Users\\ivand\\Documents\\workspaces\\sgmf2\\server\\src\\modules\\athletes\\services\\UpdateAthleteReferralGroupService.ts","statementMap":{"0":{"start":{"line":1,"column":0},"end":{"line":1,"column":46}},"1":{"start":{"line":2,"column":0},"end":{"line":2,"column":47}},"2":{"start":{"line":9,"column":0},"end":{"line":9,"column":6}},"3":{"start":{"line":12,"column":12},"end":{"line":12,"column":51}},"4":{"start":{"line":15,"column":12},"end":{"line":15,"column":63}},"5":{"start":{"line":18,"column":15},"end":{"line":41,"column":null}},"6":{"start":{"line":19,"column":6},"end":{"line":19,"column":null}},"7":{"start":{"line":20,"column":21},"end":{"line":20,"column":null}},"8":{"start":{"line":22,"column":20},"end":{"line":22,"column":null}},"9":{"start":{"line":22,"column":10},"end":{"line":22,"column":null}},"10":{"start":{"line":24,"column":4},"end":{"line":26,"column":null}},"11":{"start":{"line":25,"column":6},"end":{"line":25,"column":54}},"12":{"start":{"line":28,"column":26},"end":{"line":30,"column":null}},"13":{"start":{"line":28,"column":10},"end":{"line":30,"column":null}},"14":{"start":{"line":32,"column":4},"end":{"line":34,"column":null}},"15":{"start":{"line":33,"column":6},"end":{"line":33,"column":68}},"16":{"start":{"line":36,"column":4},"end":{"line":36,"column":50}},"17":{"start":{"line":38,"column":4},"end":{"line":38,"column":48}},"18":{"start":{"line":40,"column":4},"end":{"line":40,"column":19}},"19":{"start":{"line":9,"column":6},"end":{"line":42,"column":null}},"20":{"start":{"line":42,"column":0},"end":{"line":42,"column":null}},"21":{"start":{"line":44,"column":0},"end":{"line":44,"column":49}}},"fnMap":{"0":{"name":"(anonymous_18)","decl":{"start":{"line":9,"column":0},"end":{"line":9,"column":6}},"loc":{"start":{"line":9,"column":0},"end":{"line":9,"column":6}}},"1":{"name":"UpdateAthleteReferralGroupService","decl":{"start":{"line":10,"column":2},"end":{"line":10,"column":null}},"loc":{"start":{"line":15,"column":63},"end":{"line":16,"column":7}}},"2":{"name":"(anonymous_20)","decl":{"start":{"line":18,"column":2},"end":{"line":18,"column":15}},"loc":{"start":{"line":21,"column":30},"end":{"line":41,"column":null}}}},"branchMap":{"0":{"loc":{"start":{"line":22,"column":20},"end":{"line":22,"column":null}},"type":"switch","locations":[{"start":{"line":22,"column":20},"end":{"line":22,"column":null}}]},"1":{"loc":{"start":{"line":24,"column":4},"end":{"line":26,"column":null}},"type":"if","locations":[{"start":{"line":24,"column":4},"end":{"line":26,"column":null}},{"start":{"line":24,"column":4},"end":{"line":26,"column":null}}]},"2":{"loc":{"start":{"line":32,"column":4},"end":{"line":34,"column":null}},"type":"if","locations":[{"start":{"line":32,"column":4},"end":{"line":34,"column":null}},{"start":{"line":32,"column":4},"end":{"line":34,"column":null}}]}},"s":{"0":1,"1":1,"2":1,"3":3,"4":3,"5":1,"6":3,"7":3,"8":3,"9":3,"10":3,"11":1,"12":2,"13":2,"14":2,"15":1,"16":1,"17":2,"18":1,"19":1,"20":1,"21":1},"f":{"0":1,"1":3,"2":3},"b":{"0":[3],"1":[1,2],"2":[1,1]}}
,"C:\\Users\\ivand\\Documents\\workspaces\\sgmf2\\server\\src\\modules\\athletes\\services\\UpdateAthleteService.ts": {"path":"C:\\Users\\ivand\\Documents\\workspaces\\sgmf2\\server\\src\\modules\\athletes\\services\\UpdateAthleteService.ts","statementMap":{"0":{"start":{"line":1,"column":0},"end":{"line":1,"column":46}},"1":{"start":{"line":2,"column":0},"end":{"line":2,"column":36}},"2":{"start":{"line":3,"column":0},"end":{"line":3,"column":47}},"3":{"start":{"line":9,"column":0},"end":{"line":9,"column":6}},"4":{"start":{"line":12,"column":12},"end":{"line":12,"column":51}},"5":{"start":{"line":15,"column":15},"end":{"line":40,"column":null}},"6":{"start":{"line":16,"column":6},"end":{"line":16,"column":null}},"7":{"start":{"line":17,"column":8},"end":{"line":17,"column":null}},"8":{"start":{"line":18,"column":13},"end":{"line":18,"column":null}},"9":{"start":{"line":19,"column":15},"end":{"line":19,"column":null}},"10":{"start":{"line":21,"column":20},"end":{"line":21,"column":null}},"11":{"start":{"line":21,"column":10},"end":{"line":21,"column":null}},"12":{"start":{"line":23,"column":4},"end":{"line":25,"column":null}},"13":{"start":{"line":24,"column":6},"end":{"line":24,"column":54}},"14":{"start":{"line":27,"column":4},"end":{"line":29,"column":null}},"15":{"start":{"line":28,"column":6},"end":{"line":28,"column":77}},"16":{"start":{"line":31,"column":4},"end":{"line":35,"column":7}},"17":{"start":{"line":37,"column":4},"end":{"line":37,"column":48}},"18":{"start":{"line":39,"column":4},"end":{"line":39,"column":19}},"19":{"start":{"line":9,"column":6},"end":{"line":41,"column":null}},"20":{"start":{"line":41,"column":0},"end":{"line":41,"column":null}},"21":{"start":{"line":43,"column":0},"end":{"line":43,"column":36}}},"fnMap":{"0":{"name":"(anonymous_18)","decl":{"start":{"line":9,"column":0},"end":{"line":9,"column":6}},"loc":{"start":{"line":9,"column":0},"end":{"line":9,"column":6}}},"1":{"name":"UpdateAthleteService","decl":{"start":{"line":10,"column":2},"end":{"line":10,"column":null}},"loc":{"start":{"line":12,"column":51},"end":{"line":13,"column":7}}},"2":{"name":"(anonymous_20)","decl":{"start":{"line":15,"column":2},"end":{"line":15,"column":15}},"loc":{"start":{"line":20,"column":26},"end":{"line":40,"column":null}}}},"branchMap":{"0":{"loc":{"start":{"line":21,"column":20},"end":{"line":21,"column":null}},"type":"switch","locations":[{"start":{"line":21,"column":20},"end":{"line":21,"column":null}}]},"1":{"loc":{"start":{"line":23,"column":4},"end":{"line":25,"column":null}},"type":"if","locations":[{"start":{"line":23,"column":4},"end":{"line":25,"column":null}},{"start":{"line":23,"column":4},"end":{"line":25,"column":null}}]},"2":{"loc":{"start":{"line":27,"column":4},"end":{"line":29,"column":null}},"type":"if","locations":[{"start":{"line":27,"column":4},"end":{"line":29,"column":null}},{"start":{"line":27,"column":4},"end":{"line":29,"column":null}}]},"3":{"loc":{"start":{"line":27,"column":8},"end":{"line":27,"column":13}},"type":"binary-expr","locations":[{"start":{"line":27,"column":8},"end":{"line":27,"column":13}},{"start":{"line":27,"column":17},"end":{"line":27,"column":27}},{"start":{"line":27,"column":31},"end":{"line":27,"column":43}}]}},"s":{"0":1,"1":1,"2":1,"3":1,"4":3,"5":1,"6":5,"7":5,"8":5,"9":5,"10":5,"11":5,"12":5,"13":1,"14":4,"15":3,"16":1,"17":2,"18":1,"19":1,"20":1,"21":1},"f":{"0":1,"1":3,"2":5},"b":{"0":[5],"1":[1,4],"2":[3,1],"3":[4,3,2]}}
,"C:\\Users\\ivand\\Documents\\workspaces\\sgmf2\\server\\src\\modules\\athletes\\services\\UpdateAthleteSubscriptionService.ts": {"path":"C:\\Users\\ivand\\Documents\\workspaces\\sgmf2\\server\\src\\modules\\athletes\\services\\UpdateAthleteSubscriptionService.ts","statementMap":{"0":{"start":{"line":1,"column":0},"end":{"line":1,"column":46}},"1":{"start":{"line":2,"column":0},"end":{"line":2,"column":47}},"2":{"start":{"line":9,"column":0},"end":{"line":9,"column":6}},"3":{"start":{"line":12,"column":12},"end":{"line":12,"column":51}},"4":{"start":{"line":15,"column":12},"end":{"line":15,"column":61}},"5":{"start":{"line":18,"column":15},"end":{"line":41,"column":null}},"6":{"start":{"line":19,"column":14},"end":{"line":19,"column":null}},"7":{"start":{"line":20,"column":19},"end":{"line":20,"column":null}},"8":{"start":{"line":22,"column":20},"end":{"line":22,"column":null}},"9":{"start":{"line":22,"column":10},"end":{"line":22,"column":null}},"10":{"start":{"line":24,"column":4},"end":{"line":26,"column":null}},"11":{"start":{"line":25,"column":6},"end":{"line":25,"column":54}},"12":{"start":{"line":28,"column":25},"end":{"line":30,"column":null}},"13":{"start":{"line":28,"column":10},"end":{"line":30,"column":null}},"14":{"start":{"line":32,"column":4},"end":{"line":34,"column":null}},"15":{"start":{"line":33,"column":6},"end":{"line":33,"column":54}},"16":{"start":{"line":36,"column":4},"end":{"line":36,"column":40}},"17":{"start":{"line":38,"column":4},"end":{"line":38,"column":48}},"18":{"start":{"line":40,"column":4},"end":{"line":40,"column":19}},"19":{"start":{"line":9,"column":6},"end":{"line":42,"column":null}},"20":{"start":{"line":42,"column":0},"end":{"line":42,"column":null}},"21":{"start":{"line":44,"column":0},"end":{"line":44,"column":48}}},"fnMap":{"0":{"name":"(anonymous_18)","decl":{"start":{"line":9,"column":0},"end":{"line":9,"column":6}},"loc":{"start":{"line":9,"column":0},"end":{"line":9,"column":6}}},"1":{"name":"UpdateAthleteSubscriptionService","decl":{"start":{"line":10,"column":2},"end":{"line":10,"column":null}},"loc":{"start":{"line":15,"column":61},"end":{"line":16,"column":7}}},"2":{"name":"(anonymous_20)","decl":{"start":{"line":18,"column":2},"end":{"line":18,"column":15}},"loc":{"start":{"line":21,"column":34},"end":{"line":41,"column":null}}}},"branchMap":{"0":{"loc":{"start":{"line":22,"column":20},"end":{"line":22,"column":null}},"type":"switch","locations":[{"start":{"line":22,"column":20},"end":{"line":22,"column":null}}]},"1":{"loc":{"start":{"line":24,"column":4},"end":{"line":26,"column":null}},"type":"if","locations":[{"start":{"line":24,"column":4},"end":{"line":26,"column":null}},{"start":{"line":24,"column":4},"end":{"line":26,"column":null}}]},"2":{"loc":{"start":{"line":32,"column":4},"end":{"line":34,"column":null}},"type":"if","locations":[{"start":{"line":32,"column":4},"end":{"line":34,"column":null}},{"start":{"line":32,"column":4},"end":{"line":34,"column":null}}]}},"s":{"0":1,"1":1,"2":1,"3":3,"4":3,"5":1,"6":3,"7":3,"8":3,"9":3,"10":3,"11":1,"12":2,"13":2,"14":2,"15":1,"16":1,"17":2,"18":1,"19":1,"20":1,"21":1},"f":{"0":1,"1":3,"2":3},"b":{"0":[3],"1":[1,2],"2":[1,1]}}
,"C:\\Users\\ivand\\Documents\\workspaces\\sgmf2\\server\\src\\modules\\payments\\services\\CreatePaymentService.ts": {"path":"C:\\Users\\ivand\\Documents\\workspaces\\sgmf2\\server\\src\\modules\\payments\\services\\CreatePaymentService.ts","statementMap":{"0":{"start":{"line":1,"column":0},"end":{"line":1,"column":46}},"1":{"start":{"line":2,"column":0},"end":{"line":2,"column":48}},"2":{"start":{"line":3,"column":0},"end":{"line":3,"column":47}},"3":{"start":{"line":10,"column":0},"end":{"line":10,"column":6}},"4":{"start":{"line":13,"column":12},"end":{"line":13,"column":51}},"5":{"start":{"line":16,"column":12},"end":{"line":16,"column":51}},"6":{"start":{"line":19,"column":15},"end":{"line":61,"column":null}},"7":{"start":{"line":20,"column":9},"end":{"line":20,"column":null}},"8":{"start":{"line":21,"column":15},"end":{"line":21,"column":null}},"9":{"start":{"line":22,"column":14},"end":{"line":22,"column":null}},"10":{"start":{"line":23,"column":14},"end":{"line":23,"column":null}},"11":{"start":{"line":25,"column":4},"end":{"line":27,"column":null}},"12":{"start":{"line":26,"column":6},"end":{"line":26,"column":71}},"13":{"start":{"line":29,"column":4},"end":{"line":31,"column":null}},"14":{"start":{"line":30,"column":6},"end":{"line":30,"column":70}},"15":{"start":{"line":33,"column":4},"end":{"line":35,"column":null}},"16":{"start":{"line":34,"column":6},"end":{"line":34,"column":78}},"17":{"start":{"line":37,"column":4},"end":{"line":39,"column":null}},"18":{"start":{"line":38,"column":6},"end":{"line":38,"column":72}},"19":{"start":{"line":41,"column":20},"end":{"line":41,"column":null}},"20":{"start":{"line":41,"column":10},"end":{"line":41,"column":null}},"21":{"start":{"line":43,"column":4},"end":{"line":45,"column":null}},"22":{"start":{"line":44,"column":6},"end":{"line":44,"column":54}},"23":{"start":{"line":47,"column":10},"end":{"line":47,"column":52}},"24":{"start":{"line":49,"column":10},"end":{"line":49,"column":46}},"25":{"start":{"line":50,"column":4},"end":{"line":50,"column":62}},"26":{"start":{"line":52,"column":20},"end":{"line":58,"column":null}},"27":{"start":{"line":52,"column":10},"end":{"line":58,"column":null}},"28":{"start":{"line":60,"column":4},"end":{"line":60,"column":19}},"29":{"start":{"line":10,"column":6},"end":{"line":62,"column":null}},"30":{"start":{"line":62,"column":0},"end":{"line":62,"column":null}},"31":{"start":{"line":64,"column":0},"end":{"line":64,"column":36}}},"fnMap":{"0":{"name":"(anonymous_18)","decl":{"start":{"line":10,"column":0},"end":{"line":10,"column":6}},"loc":{"start":{"line":10,"column":0},"end":{"line":10,"column":6}}},"1":{"name":"CreatePaymentService","decl":{"start":{"line":11,"column":2},"end":{"line":11,"column":null}},"loc":{"start":{"line":16,"column":51},"end":{"line":17,"column":7}}},"2":{"name":"(anonymous_20)","decl":{"start":{"line":19,"column":2},"end":{"line":19,"column":15}},"loc":{"start":{"line":24,"column":29},"end":{"line":61,"column":null}}}},"branchMap":{"0":{"loc":{"start":{"line":25,"column":4},"end":{"line":27,"column":null}},"type":"if","locations":[{"start":{"line":25,"column":4},"end":{"line":27,"column":null}},{"start":{"line":25,"column":4},"end":{"line":27,"column":null}}]},"1":{"loc":{"start":{"line":29,"column":4},"end":{"line":31,"column":null}},"type":"if","locations":[{"start":{"line":29,"column":4},"end":{"line":31,"column":null}},{"start":{"line":29,"column":4},"end":{"line":31,"column":null}}]},"2":{"loc":{"start":{"line":33,"column":4},"end":{"line":35,"column":null}},"type":"if","locations":[{"start":{"line":33,"column":4},"end":{"line":35,"column":null}},{"start":{"line":33,"column":4},"end":{"line":35,"column":null}}]},"3":{"loc":{"start":{"line":37,"column":4},"end":{"line":39,"column":null}},"type":"if","locations":[{"start":{"line":37,"column":4},"end":{"line":39,"column":null}},{"start":{"line":37,"column":4},"end":{"line":39,"column":null}}]},"4":{"loc":{"start":{"line":43,"column":4},"end":{"line":45,"column":null}},"type":"if","locations":[{"start":{"line":43,"column":4},"end":{"line":45,"column":null}},{"start":{"line":43,"column":4},"end":{"line":45,"column":null}}]}},"s":{"0":1,"1":1,"2":1,"3":1,"4":6,"5":6,"6":1,"7":6,"8":6,"9":6,"10":6,"11":6,"12":1,"13":5,"14":1,"15":4,"16":1,"17":3,"18":1,"19":2,"20":2,"21":2,"22":1,"23":1,"24":1,"25":1,"26":1,"27":1,"28":1,"29":1,"30":1,"31":1},"f":{"0":1,"1":6,"2":6},"b":{"0":[1,5],"1":[1,4],"2":[1,3],"3":[1,2],"4":[1,1]}}
,"C:\\Users\\ivand\\Documents\\workspaces\\sgmf2\\server\\src\\modules\\payments\\services\\FindPaymentsByAthleteService.ts": {"path":"C:\\Users\\ivand\\Documents\\workspaces\\sgmf2\\server\\src\\modules\\payments\\services\\FindPaymentsByAthleteService.ts","statementMap":{"0":{"start":{"line":1,"column":0},"end":{"line":1,"column":46}},"1":{"start":{"line":2,"column":0},"end":{"line":2,"column":47}},"2":{"start":{"line":9,"column":0},"end":{"line":9,"column":6}},"3":{"start":{"line":12,"column":12},"end":{"line":12,"column":51}},"4":{"start":{"line":15,"column":12},"end":{"line":15,"column":51}},"5":{"start":{"line":18,"column":15},"end":{"line":30,"column":null}},"6":{"start":{"line":18,"column":35},"end":{"line":18,"column":56}},"7":{"start":{"line":19,"column":20},"end":{"line":19,"column":null}},"8":{"start":{"line":19,"column":10},"end":{"line":19,"column":null}},"9":{"start":{"line":21,"column":4},"end":{"line":23,"column":null}},"10":{"start":{"line":22,"column":6},"end":{"line":22,"column":54}},"11":{"start":{"line":25,"column":21},"end":{"line":27,"column":null}},"12":{"start":{"line":25,"column":10},"end":{"line":27,"column":null}},"13":{"start":{"line":29,"column":4},"end":{"line":29,"column":20}},"14":{"start":{"line":9,"column":6},"end":{"line":31,"column":null}},"15":{"start":{"line":31,"column":0},"end":{"line":31,"column":null}},"16":{"start":{"line":33,"column":0},"end":{"line":33,"column":44}}},"fnMap":{"0":{"name":"(anonymous_18)","decl":{"start":{"line":9,"column":0},"end":{"line":9,"column":6}},"loc":{"start":{"line":9,"column":0},"end":{"line":9,"column":6}}},"1":{"name":"FindPaymentsByAthleteService","decl":{"start":{"line":10,"column":2},"end":{"line":10,"column":null}},"loc":{"start":{"line":15,"column":51},"end":{"line":16,"column":7}}},"2":{"name":"(anonymous_20)","decl":{"start":{"line":18,"column":2},"end":{"line":18,"column":15}},"loc":{"start":{"line":18,"column":56},"end":{"line":30,"column":null}}}},"branchMap":{"0":{"loc":{"start":{"line":19,"column":20},"end":{"line":19,"column":null}},"type":"switch","locations":[{"start":{"line":19,"column":20},"end":{"line":19,"column":null}}]},"1":{"loc":{"start":{"line":21,"column":4},"end":{"line":23,"column":null}},"type":"if","locations":[{"start":{"line":21,"column":4},"end":{"line":23,"column":null}},{"start":{"line":21,"column":4},"end":{"line":23,"column":null}}]}},"s":{"0":1,"1":1,"2":1,"3":2,"4":2,"5":1,"6":2,"7":2,"8":2,"9":2,"10":1,"11":1,"12":1,"13":1,"14":1,"15":1,"16":1},"f":{"0":1,"1":2,"2":2},"b":{"0":[2],"1":[1,1]}}
,"C:\\Users\\ivand\\Documents\\workspaces\\sgmf2\\server\\src\\modules\\payments\\services\\FindPaymentsByDateAndAthleteService.ts": {"path":"C:\\Users\\ivand\\Documents\\workspaces\\sgmf2\\server\\src\\modules\\payments\\services\\FindPaymentsByDateAndAthleteService.ts","statementMap":{"0":{"start":{"line":1,"column":0},"end":{"line":1,"column":46}},"1":{"start":{"line":2,"column":0},"end":{"line":2,"column":48}},"2":{"start":{"line":3,"column":0},"end":{"line":3,"column":47}},"3":{"start":{"line":10,"column":0},"end":{"line":10,"column":6}},"4":{"start":{"line":13,"column":12},"end":{"line":13,"column":51}},"5":{"start":{"line":16,"column":12},"end":{"line":16,"column":51}},"6":{"start":{"line":19,"column":15},"end":{"line":37,"column":null}},"7":{"start":{"line":20,"column":15},"end":{"line":20,"column":null}},"8":{"start":{"line":21,"column":14},"end":{"line":21,"column":null}},"9":{"start":{"line":23,"column":20},"end":{"line":23,"column":null}},"10":{"start":{"line":23,"column":10},"end":{"line":23,"column":null}},"11":{"start":{"line":25,"column":4},"end":{"line":27,"column":null}},"12":{"start":{"line":26,"column":6},"end":{"line":26,"column":54}},"13":{"start":{"line":29,"column":10},"end":{"line":29,"column":45}},"14":{"start":{"line":31,"column":21},"end":{"line":34,"column":null}},"15":{"start":{"line":31,"column":10},"end":{"line":34,"column":null}},"16":{"start":{"line":36,"column":4},"end":{"line":36,"column":20}},"17":{"start":{"line":10,"column":6},"end":{"line":38,"column":null}},"18":{"start":{"line":38,"column":0},"end":{"line":38,"column":null}},"19":{"start":{"line":40,"column":0},"end":{"line":40,"column":51}}},"fnMap":{"0":{"name":"(anonymous_18)","decl":{"start":{"line":10,"column":0},"end":{"line":10,"column":6}},"loc":{"start":{"line":10,"column":0},"end":{"line":10,"column":6}}},"1":{"name":"FindPaymentsByDateAndAthleteService","decl":{"start":{"line":11,"column":2},"end":{"line":11,"column":null}},"loc":{"start":{"line":16,"column":51},"end":{"line":17,"column":7}}},"2":{"name":"(anonymous_20)","decl":{"start":{"line":19,"column":2},"end":{"line":19,"column":15}},"loc":{"start":{"line":22,"column":36},"end":{"line":37,"column":null}}}},"branchMap":{"0":{"loc":{"start":{"line":23,"column":20},"end":{"line":23,"column":null}},"type":"switch","locations":[{"start":{"line":23,"column":20},"end":{"line":23,"column":null}}]},"1":{"loc":{"start":{"line":25,"column":4},"end":{"line":27,"column":null}},"type":"if","locations":[{"start":{"line":25,"column":4},"end":{"line":27,"column":null}},{"start":{"line":25,"column":4},"end":{"line":27,"column":null}}]}},"s":{"0":1,"1":1,"2":1,"3":1,"4":2,"5":2,"6":1,"7":2,"8":2,"9":2,"10":2,"11":2,"12":1,"13":1,"14":1,"15":1,"16":1,"17":1,"18":1,"19":1},"f":{"0":1,"1":2,"2":2},"b":{"0":[2],"1":[1,1]}}
,"C:\\Users\\ivand\\Documents\\workspaces\\sgmf2\\server\\src\\modules\\payments\\services\\FindPaymentsByDateService.ts": {"path":"C:\\Users\\ivand\\Documents\\workspaces\\sgmf2\\server\\src\\modules\\payments\\services\\FindPaymentsByDateService.ts","statementMap":{"0":{"start":{"line":1,"column":0},"end":{"line":1,"column":46}},"1":{"start":{"line":2,"column":0},"end":{"line":2,"column":48}},"2":{"start":{"line":8,"column":0},"end":{"line":8,"column":6}},"3":{"start":{"line":11,"column":12},"end":{"line":11,"column":51}},"4":{"start":{"line":14,"column":15},"end":{"line":22,"column":null}},"5":{"start":{"line":14,"column":36},"end":{"line":14,"column":54}},"6":{"start":{"line":15,"column":10},"end":{"line":15,"column":45}},"7":{"start":{"line":17,"column":21},"end":{"line":19,"column":null}},"8":{"start":{"line":17,"column":10},"end":{"line":19,"column":null}},"9":{"start":{"line":21,"column":4},"end":{"line":21,"column":20}},"10":{"start":{"line":8,"column":6},"end":{"line":23,"column":null}},"11":{"start":{"line":23,"column":0},"end":{"line":23,"column":null}},"12":{"start":{"line":25,"column":0},"end":{"line":25,"column":41}}},"fnMap":{"0":{"name":"(anonymous_17)","decl":{"start":{"line":8,"column":0},"end":{"line":8,"column":6}},"loc":{"start":{"line":8,"column":0},"end":{"line":8,"column":6}}},"1":{"name":"FindPaymentsByDateService","decl":{"start":{"line":9,"column":2},"end":{"line":9,"column":null}},"loc":{"start":{"line":11,"column":51},"end":{"line":12,"column":7}}},"2":{"name":"(anonymous_19)","decl":{"start":{"line":14,"column":2},"end":{"line":14,"column":15}},"loc":{"start":{"line":14,"column":54},"end":{"line":22,"column":null}}}},"branchMap":{},"s":{"0":1,"1":1,"2":1,"3":1,"4":1,"5":1,"6":1,"7":1,"8":1,"9":1,"10":1,"11":1,"12":1},"f":{"0":1,"1":1,"2":1},"b":{}}
,"C:\\Users\\ivand\\Documents\\workspaces\\sgmf2\\server\\src\\modules\\referralgroups\\services\\CreateReferralGroupService.ts": {"path":"C:\\Users\\ivand\\Documents\\workspaces\\sgmf2\\server\\src\\modules\\referralgroups\\services\\CreateReferralGroupService.ts","statementMap":{"0":{"start":{"line":1,"column":0},"end":{"line":1,"column":47}},"1":{"start":{"line":2,"column":0},"end":{"line":2,"column":46}},"2":{"start":{"line":9,"column":0},"end":{"line":9,"column":6}},"3":{"start":{"line":12,"column":12},"end":{"line":12,"column":63}},"4":{"start":{"line":15,"column":12},"end":{"line":15,"column":51}},"5":{"start":{"line":18,"column":15},"end":{"line":46,"column":null}},"6":{"start":{"line":19,"column":17},"end":{"line":19,"column":51}},"7":{"start":{"line":21,"column":4},"end":{"line":26,"column":null}},"8":{"start":{"line":22,"column":6},"end":{"line":25,"column":8}},"9":{"start":{"line":28,"column":20},"end":{"line":28,"column":null}},"10":{"start":{"line":28,"column":10},"end":{"line":28,"column":null}},"11":{"start":{"line":30,"column":4},"end":{"line":32,"column":null}},"12":{"start":{"line":31,"column":6},"end":{"line":31,"column":61}},"13":{"start":{"line":34,"column":12},"end":{"line":34,"column":21}},"14":{"start":{"line":36,"column":26},"end":{"line":39,"column":null}},"15":{"start":{"line":36,"column":10},"end":{"line":39,"column":null}},"16":{"start":{"line":41,"column":4},"end":{"line":41,"column":46}},"17":{"start":{"line":43,"column":4},"end":{"line":43,"column":48}},"18":{"start":{"line":45,"column":4},"end":{"line":45,"column":25}},"19":{"start":{"line":9,"column":6},"end":{"line":47,"column":null}},"20":{"start":{"line":47,"column":0},"end":{"line":47,"column":null}},"21":{"start":{"line":49,"column":0},"end":{"line":49,"column":42}}},"fnMap":{"0":{"name":"(anonymous_18)","decl":{"start":{"line":9,"column":0},"end":{"line":9,"column":6}},"loc":{"start":{"line":9,"column":0},"end":{"line":9,"column":6}}},"1":{"name":"CreateReferralGroupService","decl":{"start":{"line":10,"column":2},"end":{"line":10,"column":null}},"loc":{"start":{"line":15,"column":51},"end":{"line":16,"column":7}}},"2":{"name":"(anonymous_20)","decl":{"start":{"line":18,"column":2},"end":{"line":18,"column":15}},"loc":{"start":{"line":19,"column":51},"end":{"line":46,"column":null}}}},"branchMap":{"0":{"loc":{"start":{"line":21,"column":4},"end":{"line":26,"column":null}},"type":"if","locations":[{"start":{"line":21,"column":4},"end":{"line":26,"column":null}},{"start":{"line":21,"column":4},"end":{"line":26,"column":null}}]},"1":{"loc":{"start":{"line":30,"column":4},"end":{"line":32,"column":null}},"type":"if","locations":[{"start":{"line":30,"column":4},"end":{"line":32,"column":null}},{"start":{"line":30,"column":4},"end":{"line":32,"column":null}}]}},"s":{"0":1,"1":1,"2":1,"3":3,"4":3,"5":1,"6":3,"7":3,"8":1,"9":2,"10":2,"11":2,"12":1,"13":1,"14":1,"15":1,"16":1,"17":2,"18":1,"19":1,"20":1,"21":1},"f":{"0":1,"1":3,"2":3},"b":{"0":[1,2],"1":[1,1]}}
,"C:\\Users\\ivand\\Documents\\workspaces\\sgmf2\\server\\src\\modules\\referralgroups\\services\\FindReferralGroupService.ts": {"path":"C:\\Users\\ivand\\Documents\\workspaces\\sgmf2\\server\\src\\modules\\referralgroups\\services\\FindReferralGroupService.ts","statementMap":{"0":{"start":{"line":1,"column":0},"end":{"line":1,"column":47}},"1":{"start":{"line":2,"column":0},"end":{"line":2,"column":46}},"2":{"start":{"line":8,"column":0},"end":{"line":8,"column":6}},"3":{"start":{"line":11,"column":12},"end":{"line":11,"column":63}},"4":{"start":{"line":14,"column":15},"end":{"line":30,"column":null}},"5":{"start":{"line":15,"column":23},"end":{"line":15,"column":48}},"6":{"start":{"line":17,"column":4},"end":{"line":19,"column":null}},"7":{"start":{"line":18,"column":6},"end":{"line":18,"column":67}},"8":{"start":{"line":21,"column":26},"end":{"line":23,"column":null}},"9":{"start":{"line":21,"column":10},"end":{"line":23,"column":null}},"10":{"start":{"line":25,"column":4},"end":{"line":27,"column":null}},"11":{"start":{"line":26,"column":6},"end":{"line":26,"column":68}},"12":{"start":{"line":29,"column":4},"end":{"line":29,"column":25}},"13":{"start":{"line":8,"column":6},"end":{"line":31,"column":null}},"14":{"start":{"line":31,"column":0},"end":{"line":31,"column":null}},"15":{"start":{"line":33,"column":0},"end":{"line":33,"column":40}}},"fnMap":{"0":{"name":"(anonymous_18)","decl":{"start":{"line":8,"column":0},"end":{"line":8,"column":6}},"loc":{"start":{"line":8,"column":0},"end":{"line":8,"column":6}}},"1":{"name":"FindReferralGroupService","decl":{"start":{"line":9,"column":2},"end":{"line":9,"column":null}},"loc":{"start":{"line":11,"column":63},"end":{"line":12,"column":7}}},"2":{"name":"(anonymous_20)","decl":{"start":{"line":14,"column":2},"end":{"line":14,"column":15}},"loc":{"start":{"line":15,"column":48},"end":{"line":30,"column":null}}}},"branchMap":{"0":{"loc":{"start":{"line":17,"column":4},"end":{"line":19,"column":null}},"type":"if","locations":[{"start":{"line":17,"column":4},"end":{"line":19,"column":null}},{"start":{"line":17,"column":4},"end":{"line":19,"column":null}}]},"1":{"loc":{"start":{"line":25,"column":4},"end":{"line":27,"column":null}},"type":"if","locations":[{"start":{"line":25,"column":4},"end":{"line":27,"column":null}},{"start":{"line":25,"column":4},"end":{"line":27,"column":null}}]}},"s":{"0":1,"1":1,"2":1,"3":3,"4":1,"5":3,"6":3,"7":1,"8":2,"9":2,"10":2,"11":1,"12":1,"13":1,"14":1,"15":1},"f":{"0":1,"1":3,"2":3},"b":{"0":[1,2],"1":[1,1]}}
,"C:\\Users\\ivand\\Documents\\workspaces\\sgmf2\\server\\src\\modules\\referralgroups\\services\\ListReferralGroupsService.ts": {"path":"C:\\Users\\ivand\\Documents\\workspaces\\sgmf2\\server\\src\\modules\\referralgroups\\services\\ListReferralGroupsService.ts","statementMap":{"0":{"start":{"line":1,"column":0},"end":{"line":1,"column":46}},"1":{"start":{"line":6,"column":0},"end":{"line":6,"column":6}},"2":{"start":{"line":9,"column":12},"end":{"line":9,"column":63}},"3":{"start":{"line":12,"column":15},"end":{"line":16,"column":null}},"4":{"start":{"line":13,"column":27},"end":{"line":13,"column":null}},"5":{"start":{"line":13,"column":10},"end":{"line":13,"column":null}},"6":{"start":{"line":15,"column":4},"end":{"line":15,"column":26}},"7":{"start":{"line":6,"column":6},"end":{"line":17,"column":null}},"8":{"start":{"line":17,"column":0},"end":{"line":17,"column":null}},"9":{"start":{"line":19,"column":0},"end":{"line":19,"column":41}}},"fnMap":{"0":{"name":"(anonymous_17)","decl":{"start":{"line":6,"column":0},"end":{"line":6,"column":6}},"loc":{"start":{"line":6,"column":0},"end":{"line":6,"column":6}}},"1":{"name":"FindReferralGroupsService","decl":{"start":{"line":7,"column":2},"end":{"line":7,"column":null}},"loc":{"start":{"line":9,"column":63},"end":{"line":10,"column":7}}},"2":{"name":"(anonymous_19)","decl":{"start":{"line":12,"column":2},"end":{"line":12,"column":15}},"loc":{"start":{"line":12,"column":2},"end":{"line":16,"column":null}}}},"branchMap":{"0":{"loc":{"start":{"line":13,"column":27},"end":{"line":13,"column":null}},"type":"switch","locations":[{"start":{"line":13,"column":27},"end":{"line":13,"column":null}}]}},"s":{"0":1,"1":1,"2":1,"3":1,"4":1,"5":1,"6":1,"7":1,"8":1,"9":1},"f":{"0":1,"1":1,"2":1},"b":{"0":[1]}}
,"C:\\Users\\ivand\\Documents\\workspaces\\sgmf2\\server\\src\\modules\\subscriptions\\services\\CreateSubscriptionService.ts": {"path":"C:\\Users\\ivand\\Documents\\workspaces\\sgmf2\\server\\src\\modules\\subscriptions\\services\\CreateSubscriptionService.ts","statementMap":{"0":{"start":{"line":1,"column":0},"end":{"line":1,"column":47}},"1":{"start":{"line":2,"column":0},"end":{"line":2,"column":46}},"2":{"start":{"line":8,"column":0},"end":{"line":8,"column":6}},"3":{"start":{"line":11,"column":12},"end":{"line":11,"column":61}},"4":{"start":{"line":14,"column":15},"end":{"line":32,"column":null}},"5":{"start":{"line":15,"column":9},"end":{"line":15,"column":null}},"6":{"start":{"line":16,"column":9},"end":{"line":16,"column":null}},"7":{"start":{"line":18,"column":4},"end":{"line":20,"column":null}},"8":{"start":{"line":19,"column":6},"end":{"line":19,"column":68}},"9":{"start":{"line":22,"column":4},"end":{"line":24,"column":null}},"10":{"start":{"line":23,"column":6},"end":{"line":23,"column":68}},"11":{"start":{"line":26,"column":25},"end":{"line":29,"column":null}},"12":{"start":{"line":26,"column":10},"end":{"line":29,"column":null}},"13":{"start":{"line":31,"column":4},"end":{"line":31,"column":24}},"14":{"start":{"line":8,"column":6},"end":{"line":33,"column":null}},"15":{"start":{"line":33,"column":0},"end":{"line":33,"column":null}},"16":{"start":{"line":35,"column":0},"end":{"line":35,"column":41}}},"fnMap":{"0":{"name":"(anonymous_18)","decl":{"start":{"line":8,"column":0},"end":{"line":8,"column":6}},"loc":{"start":{"line":8,"column":0},"end":{"line":8,"column":6}}},"1":{"name":"CreateSubscriptionService","decl":{"start":{"line":9,"column":2},"end":{"line":9,"column":null}},"loc":{"start":{"line":11,"column":61},"end":{"line":12,"column":7}}},"2":{"name":"(anonymous_20)","decl":{"start":{"line":14,"column":2},"end":{"line":14,"column":15}},"loc":{"start":{"line":17,"column":27},"end":{"line":32,"column":null}}}},"branchMap":{"0":{"loc":{"start":{"line":18,"column":4},"end":{"line":20,"column":null}},"type":"if","locations":[{"start":{"line":18,"column":4},"end":{"line":20,"column":null}},{"start":{"line":18,"column":4},"end":{"line":20,"column":null}}]},"1":{"loc":{"start":{"line":22,"column":4},"end":{"line":24,"column":null}},"type":"if","locations":[{"start":{"line":22,"column":4},"end":{"line":24,"column":null}},{"start":{"line":22,"column":4},"end":{"line":24,"column":null}}]}},"s":{"0":1,"1":1,"2":1,"3":3,"4":1,"5":3,"6":3,"7":3,"8":1,"9":2,"10":1,"11":1,"12":1,"13":1,"14":1,"15":1,"16":1},"f":{"0":1,"1":3,"2":3},"b":{"0":[1,2],"1":[1,1]}}
,"C:\\Users\\ivand\\Documents\\workspaces\\sgmf2\\server\\src\\modules\\subscriptions\\services\\ListSubscriptionsService.ts": {"path":"C:\\Users\\ivand\\Documents\\workspaces\\sgmf2\\server\\src\\modules\\subscriptions\\services\\ListSubscriptionsService.ts","statementMap":{"0":{"start":{"line":1,"column":0},"end":{"line":1,"column":47}},"1":{"start":{"line":2,"column":0},"end":{"line":2,"column":46}},"2":{"start":{"line":10,"column":0},"end":{"line":10,"column":6}},"3":{"start":{"line":13,"column":12},"end":{"line":13,"column":61}},"4":{"start":{"line":16,"column":15},"end":{"line":41,"column":null}},"5":{"start":{"line":16,"column":29},"end":{"line":16,"column":31}},"6":{"start":{"line":16,"column":39},"end":{"line":16,"column":51}},"7":{"start":{"line":17,"column":8},"end":{"line":17,"column":9}},"8":{"start":{"line":21,"column":10},"end":{"line":21,"column":null}},"9":{"start":{"line":18,"column":12},"end":{"line":20,"column":null}},"10":{"start":{"line":22,"column":6},"end":{"line":22,"column":48}},"11":{"start":{"line":25,"column":4},"end":{"line":27,"column":null}},"12":{"start":{"line":26,"column":6},"end":{"line":26,"column":76}},"13":{"start":{"line":29,"column":35},"end":{"line":36,"column":null}},"14":{"start":{"line":29,"column":10},"end":{"line":29,"column":35}},"15":{"start":{"line":38,"column":10},"end":{"line":38,"column":54}},"16":{"start":{"line":40,"column":4},"end":{"line":40,"column":43}},"17":{"start":{"line":10,"column":6},"end":{"line":42,"column":null}},"18":{"start":{"line":42,"column":0},"end":{"line":42,"column":null}},"19":{"start":{"line":44,"column":0},"end":{"line":44,"column":40}}},"fnMap":{"0":{"name":"(anonymous_18)","decl":{"start":{"line":10,"column":0},"end":{"line":10,"column":6}},"loc":{"start":{"line":10,"column":0},"end":{"line":10,"column":6}}},"1":{"name":"ListSubscriptionsService","decl":{"start":{"line":11,"column":2},"end":{"line":11,"column":null}},"loc":{"start":{"line":13,"column":61},"end":{"line":14,"column":7}}},"2":{"name":"(anonymous_20)","decl":{"start":{"line":16,"column":2},"end":{"line":16,"column":15}},"loc":{"start":{"line":16,"column":51},"end":{"line":41,"column":null}}}},"branchMap":{"0":{"loc":{"start":{"line":17,"column":8},"end":{"line":17,"column":9}},"type":"if","locations":[{"start":{"line":17,"column":8},"end":{"line":17,"column":9}},{"start":{"line":17,"column":8},"end":{"line":17,"column":9}}]},"1":{"loc":{"start":{"line":17,"column":8},"end":{"line":17,"column":13}},"type":"binary-expr","locations":[{"start":{"line":17,"column":8},"end":{"line":17,"column":13}},{"start":{"line":17,"column":17},"end":{"line":17,"column":26}}]},"2":{"loc":{"start":{"line":25,"column":4},"end":{"line":27,"column":null}},"type":"if","locations":[{"start":{"line":25,"column":4},"end":{"line":27,"column":null}},{"start":{"line":25,"column":4},"end":{"line":27,"column":null}}]},"3":{"loc":{"start":{"line":25,"column":8},"end":{"line":25,"column":27}},"type":"binary-expr","locations":[{"start":{"line":25,"column":8},"end":{"line":25,"column":27}},{"start":{"line":25,"column":31},"end":{"line":25,"column":54}}]}},"s":{"0":1,"1":1,"2":1,"3":3,"4":1,"5":4,"6":4,"7":7,"8":1,"9":1,"10":1,"11":3,"12":2,"13":1,"14":1,"15":1,"16":1,"17":1,"18":1,"19":1},"f":{"0":1,"1":3,"2":4},"b":{"0":[3,1],"1":[4,3],"2":[2,1],"3":[3,2]}}
,"C:\\Users\\ivand\\Documents\\workspaces\\sgmf2\\server\\src\\modules\\subscriptions\\services\\UpdateSubscriptionService.ts": {"path":"C:\\Users\\ivand\\Documents\\workspaces\\sgmf2\\server\\src\\modules\\subscriptions\\services\\UpdateSubscriptionService.ts","statementMap":{"0":{"start":{"line":1,"column":0},"end":{"line":1,"column":47}},"1":{"start":{"line":2,"column":0},"end":{"line":2,"column":46}},"2":{"start":{"line":8,"column":0},"end":{"line":8,"column":6}},"3":{"start":{"line":11,"column":12},"end":{"line":11,"column":61}},"4":{"start":{"line":14,"column":15},"end":{"line":30,"column":null}},"5":{"start":{"line":15,"column":6},"end":{"line":15,"column":null}},"6":{"start":{"line":16,"column":9},"end":{"line":16,"column":null}},"7":{"start":{"line":17,"column":9},"end":{"line":17,"column":null}},"8":{"start":{"line":19,"column":25},"end":{"line":19,"column":null}},"9":{"start":{"line":19,"column":10},"end":{"line":19,"column":null}},"10":{"start":{"line":21,"column":4},"end":{"line":23,"column":null}},"11":{"start":{"line":22,"column":6},"end":{"line":22,"column":54}},"12":{"start":{"line":25,"column":4},"end":{"line":25,"column":50}},"13":{"start":{"line":27,"column":4},"end":{"line":27,"column":58}},"14":{"start":{"line":29,"column":4},"end":{"line":29,"column":24}},"15":{"start":{"line":8,"column":6},"end":{"line":31,"column":null}},"16":{"start":{"line":31,"column":0},"end":{"line":31,"column":null}},"17":{"start":{"line":33,"column":0},"end":{"line":33,"column":41}}},"fnMap":{"0":{"name":"(anonymous_18)","decl":{"start":{"line":8,"column":0},"end":{"line":8,"column":6}},"loc":{"start":{"line":8,"column":0},"end":{"line":8,"column":6}}},"1":{"name":"UpdateSubscriptionService","decl":{"start":{"line":9,"column":2},"end":{"line":9,"column":null}},"loc":{"start":{"line":11,"column":61},"end":{"line":12,"column":7}}},"2":{"name":"(anonymous_20)","decl":{"start":{"line":14,"column":2},"end":{"line":14,"column":15}},"loc":{"start":{"line":18,"column":27},"end":{"line":30,"column":null}}}},"branchMap":{"0":{"loc":{"start":{"line":19,"column":25},"end":{"line":19,"column":null}},"type":"switch","locations":[{"start":{"line":19,"column":25},"end":{"line":19,"column":null}}]},"1":{"loc":{"start":{"line":21,"column":4},"end":{"line":23,"column":null}},"type":"if","locations":[{"start":{"line":21,"column":4},"end":{"line":23,"column":null}},{"start":{"line":21,"column":4},"end":{"line":23,"column":null}}]}},"s":{"0":1,"1":1,"2":1,"3":2,"4":1,"5":2,"6":2,"7":2,"8":2,"9":2,"10":2,"11":1,"12":1,"13":2,"14":1,"15":1,"16":1,"17":1},"f":{"0":1,"1":2,"2":2},"b":{"0":[2],"1":[1,1]}}
,"C:\\Users\\ivand\\Documents\\workspaces\\sgmf2\\server\\src\\modules\\users\\services\\AuthenticateUserService.ts": {"path":"C:\\Users\\ivand\\Documents\\workspaces\\sgmf2\\server\\src\\modules\\users\\services\\AuthenticateUserService.ts","statementMap":{"0":{"start":{"line":1,"column":0},"end":{"line":1,"column":36}},"1":{"start":{"line":2,"column":0},"end":{"line":2,"column":46}},"2":{"start":{"line":3,"column":0},"end":{"line":3,"column":38}},"3":{"start":{"line":4,"column":0},"end":{"line":4,"column":47}},"4":{"start":{"line":10,"column":0},"end":{"line":10,"column":6}},"5":{"start":{"line":13,"column":12},"end":{"line":13,"column":45}},"6":{"start":{"line":16,"column":12},"end":{"line":16,"column":39}},"7":{"start":{"line":19,"column":15},"end":{"line":48,"column":null}},"8":{"start":{"line":19,"column":30},"end":{"line":19,"column":32}},"9":{"start":{"line":19,"column":40},"end":{"line":19,"column":52}},"10":{"start":{"line":20,"column":17},"end":{"line":20,"column":null}},"11":{"start":{"line":20,"column":10},"end":{"line":20,"column":null}},"12":{"start":{"line":22,"column":4},"end":{"line":24,"column":null}},"13":{"start":{"line":23,"column":6},"end":{"line":23,"column":66}},"14":{"start":{"line":26,"column":28},"end":{"line":28,"column":null}},"15":{"start":{"line":26,"column":10},"end":{"line":28,"column":null}},"16":{"start":{"line":30,"column":4},"end":{"line":32,"column":null}},"17":{"start":{"line":31,"column":6},"end":{"line":31,"column":66}},"18":{"start":{"line":34,"column":10},"end":{"line":34,"column":34}},"19":{"start":{"line":36,"column":4},"end":{"line":38,"column":null}},"20":{"start":{"line":37,"column":6},"end":{"line":37,"column":48}},"21":{"start":{"line":39,"column":10},"end":{"line":42,"column":7}},"22":{"start":{"line":44,"column":4},"end":{"line":47,"column":6}},"23":{"start":{"line":10,"column":6},"end":{"line":49,"column":null}},"24":{"start":{"line":49,"column":0},"end":{"line":49,"column":null}},"25":{"start":{"line":51,"column":0},"end":{"line":51,"column":39}}},"fnMap":{"0":{"name":"(anonymous_18)","decl":{"start":{"line":10,"column":0},"end":{"line":10,"column":6}},"loc":{"start":{"line":10,"column":0},"end":{"line":10,"column":6}}},"1":{"name":"AuthenticateUserService","decl":{"start":{"line":11,"column":2},"end":{"line":11,"column":null}},"loc":{"start":{"line":16,"column":39},"end":{"line":17,"column":7}}},"2":{"name":"(anonymous_20)","decl":{"start":{"line":19,"column":2},"end":{"line":19,"column":15}},"loc":{"start":{"line":19,"column":52},"end":{"line":48,"column":null}}}},"branchMap":{"0":{"loc":{"start":{"line":20,"column":17},"end":{"line":20,"column":null}},"type":"switch","locations":[{"start":{"line":20,"column":17},"end":{"line":20,"column":null}}]},"1":{"loc":{"start":{"line":22,"column":4},"end":{"line":24,"column":null}},"type":"if","locations":[{"start":{"line":22,"column":4},"end":{"line":24,"column":null}},{"start":{"line":22,"column":4},"end":{"line":24,"column":null}}]},"2":{"loc":{"start":{"line":30,"column":4},"end":{"line":32,"column":null}},"type":"if","locations":[{"start":{"line":30,"column":4},"end":{"line":32,"column":null}},{"start":{"line":30,"column":4},"end":{"line":32,"column":null}}]},"3":{"loc":{"start":{"line":36,"column":4},"end":{"line":38,"column":null}},"type":"if","locations":[{"start":{"line":36,"column":4},"end":{"line":38,"column":null}},{"start":{"line":36,"column":4},"end":{"line":38,"column":null}}]}},"s":{"0":1,"1":1,"2":1,"3":1,"4":1,"5":3,"6":3,"7":1,"8":3,"9":3,"10":3,"11":3,"12":3,"13":1,"14":2,"15":2,"16":2,"17":1,"18":1,"19":1,"20":0,"21":1,"22":1,"23":1,"24":1,"25":1},"f":{"0":1,"1":3,"2":3},"b":{"0":[3],"1":[1,2],"2":[1,1],"3":[0,1]}}
,"C:\\Users\\ivand\\Documents\\workspaces\\sgmf2\\server\\src\\modules\\users\\services\\CreateUserService.ts": {"path":"C:\\Users\\ivand\\Documents\\workspaces\\sgmf2\\server\\src\\modules\\users\\services\\CreateUserService.ts","statementMap":{"0":{"start":{"line":1,"column":0},"end":{"line":1,"column":46}},"1":{"start":{"line":2,"column":0},"end":{"line":2,"column":47}},"2":{"start":{"line":9,"column":0},"end":{"line":9,"column":6}},"3":{"start":{"line":12,"column":12},"end":{"line":12,"column":45}},"4":{"start":{"line":15,"column":12},"end":{"line":15,"column":39}},"5":{"start":{"line":18,"column":15},"end":{"line":40,"column":null}},"6":{"start":{"line":19,"column":9},"end":{"line":19,"column":null}},"7":{"start":{"line":20,"column":8},"end":{"line":20,"column":null}},"8":{"start":{"line":21,"column":12},"end":{"line":21,"column":null}},"9":{"start":{"line":22,"column":15},"end":{"line":22,"column":null}},"10":{"start":{"line":24,"column":28},"end":{"line":24,"column":null}},"11":{"start":{"line":24,"column":10},"end":{"line":24,"column":null}},"12":{"start":{"line":26,"column":4},"end":{"line":28,"column":null}},"13":{"start":{"line":27,"column":6},"end":{"line":27,"column":68}},"14":{"start":{"line":30,"column":27},"end":{"line":30,"column":null}},"15":{"start":{"line":30,"column":10},"end":{"line":30,"column":null}},"16":{"start":{"line":32,"column":17},"end":{"line":37,"column":null}},"17":{"start":{"line":32,"column":10},"end":{"line":37,"column":null}},"18":{"start":{"line":39,"column":4},"end":{"line":39,"column":16}},"19":{"start":{"line":9,"column":6},"end":{"line":41,"column":null}},"20":{"start":{"line":41,"column":0},"end":{"line":41,"column":null}},"21":{"start":{"line":43,"column":0},"end":{"line":43,"column":33}}},"fnMap":{"0":{"name":"(anonymous_18)","decl":{"start":{"line":9,"column":0},"end":{"line":9,"column":6}},"loc":{"start":{"line":9,"column":0},"end":{"line":9,"column":6}}},"1":{"name":"CreateUserService","decl":{"start":{"line":10,"column":2},"end":{"line":10,"column":null}},"loc":{"start":{"line":15,"column":39},"end":{"line":16,"column":7}}},"2":{"name":"(anonymous_20)","decl":{"start":{"line":18,"column":2},"end":{"line":18,"column":15}},"loc":{"start":{"line":23,"column":19},"end":{"line":40,"column":null}}}},"branchMap":{"0":{"loc":{"start":{"line":24,"column":28},"end":{"line":24,"column":null}},"type":"switch","locations":[{"start":{"line":24,"column":28},"end":{"line":24,"column":null}}]},"1":{"loc":{"start":{"line":26,"column":4},"end":{"line":28,"column":null}},"type":"if","locations":[{"start":{"line":26,"column":4},"end":{"line":28,"column":null}},{"start":{"line":26,"column":4},"end":{"line":28,"column":null}}]}},"s":{"0":1,"1":1,"2":1,"3":2,"4":2,"5":1,"6":3,"7":3,"8":3,"9":3,"10":3,"11":3,"12":3,"13":1,"14":2,"15":2,"16":2,"17":2,"18":2,"19":1,"20":1,"21":1},"f":{"0":1,"1":2,"2":3},"b":{"0":[3],"1":[1,2]}}
}
