TN:
SF:src\modules\athletegroups\services\CreateAthleteGroupService.ts
FN:8,(anonymous_18)
FN:9,CreateAthleteGroupService
FN:14,(anonymous_20)
FNF:3
FNH:3
FNDA:1,(anonymous_18)
FNDA:3,CreateAthleteGroupService
FNDA:3,(anonymous_20)
DA:1,1
DA:2,1
DA:8,1
DA:11,3
DA:14,1
DA:15,3
DA:16,3
DA:18,3
DA:19,1
DA:22,2
DA:23,1
DA:26,1
DA:31,1
DA:33,1
DA:35,1
LF:15
LH:15
BRDA:18,0,0,1
BRDA:18,0,1,2
BRDA:22,1,0,1
BRDA:22,1,1,1
BRF:4
BRH:4
end_of_record
TN:
SF:src\modules\athletegroups\services\FindAtheteGroupsService.ts
FN:6,(anonymous_17)
FN:7,FindAthleteGroupsService
FN:12,(anonymous_19)
FNF:3
FNH:3
FNDA:1,(anonymous_17)
FNDA:1,FindAthleteGroupsService
FNDA:1,(anonymous_19)
DA:1,1
DA:6,1
DA:9,1
DA:12,1
DA:13,1
DA:15,1
DA:17,1
DA:19,1
LF:8
LH:8
BRDA:13,0,0,1
BRF:1
BRH:1
end_of_record
TN:
SF:src\modules\athletes\services\CreateAthleteService.ts
FN:11,(anonymous_18)
FN:12,CreateAthleteService
FN:23,(anonymous_20)
FNF:3
FNH:3
FNDA:1,(anonymous_18)
FNDA:8,CreateAthleteService
FNDA:8,(anonymous_20)
DA:1,1
DA:2,1
DA:3,1
DA:11,1
DA:14,8
DA:17,8
DA:20,8
DA:23,1
DA:24,8
DA:25,8
DA:26,8
DA:27,8
DA:28,8
DA:30,8
DA:31,1
DA:34,7
DA:35,1
DA:41,6
DA:42,2
DA:48,4
DA:49,1
DA:54,3
DA:57,3
DA:61,3
DA:62,1
DA:65,2
DA:66,1
DA:69,1
DA:77,1
DA:79,1
DA:81,1
LF:31
LH:31
BRDA:30,0,0,1
BRDA:30,0,1,7
BRDA:34,1,0,1
BRDA:34,1,1,6
BRDA:41,2,0,2
BRDA:41,2,1,4
BRDA:48,3,0,1
BRDA:48,3,1,3
BRDA:61,4,0,1
BRDA:61,4,1,2
BRDA:65,5,0,1
BRDA:65,5,1,1
BRF:12
BRH:12
end_of_record
TN:
SF:src\modules\athletes\services\FindAthleteService.ts
FN:8,(anonymous_18)
FN:9,FindAthleteService
FN:14,(anonymous_20)
FNF:3
FNH:3
FNDA:1,(anonymous_18)
FNDA:3,FindAthleteService
FNDA:3,(anonymous_20)
DA:1,1
DA:2,1
DA:8,1
DA:11,3
DA:14,3
DA:15,3
DA:16,1
DA:18,2
DA:20,2
DA:21,1
DA:24,1
DA:26,1
DA:28,1
LF:13
LH:13
BRDA:15,0,0,1
BRDA:15,0,1,2
BRDA:20,1,0,1
BRDA:20,1,1,1
BRF:4
BRH:4
end_of_record
TN:
SF:src\modules\athletes\services\ListActiveAthletesByReferralGroupService.ts
FN:8,(anonymous_18)
FN:9,ListActiveAthletesByReferralGroupService
FN:14,(anonymous_20)
FNF:3
FNH:3
FNDA:1,(anonymous_18)
FNDA:2,ListActiveAthletesByReferralGroupService
FNDA:2,(anonymous_20)
DA:1,1
DA:2,1
DA:8,1
DA:11,2
DA:14,1
DA:15,2
DA:17,2
DA:18,1
DA:20,1
DA:25,1
DA:27,1
DA:29,1
LF:12
LH:12
BRDA:17,0,0,1
BRDA:17,0,1,1
BRF:2
BRH:2
end_of_record
TN:
SF:src\modules\athletes\services\ListAthletesByReferralGroupService.ts
FN:7,(anonymous_17)
FN:8,ListAthletesByReferralGroupService
FN:13,(anonymous_19)
FNF:3
FNH:3
FNDA:1,(anonymous_17)
FNDA:1,ListAthletesByReferralGroupService
FNDA:1,(anonymous_19)
DA:1,1
DA:7,1
DA:10,1
DA:13,1
DA:14,1
DA:16,1
DA:20,1
DA:22,1
DA:24,1
LF:9
LH:9
BRDA:16,0,0,1
BRF:1
BRH:1
end_of_record
TN:
SF:src\modules\athletes\services\ListAthletesService.ts
FN:7,(anonymous_18)
FN:8,ListAthletesService
FN:13,(anonymous_20)
FNF:3
FNH:3
FNDA:1,(anonymous_18)
FNDA:3,ListAthletesService
FNDA:3,(anonymous_20)
DA:1,1
DA:2,1
DA:7,1
DA:10,3
DA:13,3
DA:14,5
DA:15,1
DA:16,1
DA:19,2
DA:20,1
DA:23,1
DA:31,1
DA:33,1
DA:35,1
DA:37,1
LF:15
LH:15
BRDA:14,0,0,2
BRDA:14,0,1,1
BRDA:14,1,0,3
BRDA:14,1,1,2
BRDA:19,2,0,1
BRDA:19,2,1,1
BRDA:19,3,0,2
BRDA:19,3,1,2
BRF:8
BRH:8
end_of_record
TN:
SF:src\modules\athletes\services\UpdateAthleteActiveFieldService.ts
FN:8,(anonymous_18)
FN:9,UpdateAthleteActiveFieldService
FN:14,(anonymous_20)
FNF:3
FNH:3
FNDA:1,(anonymous_18)
FNDA:2,UpdateAthleteActiveFieldService
FNDA:2,(anonymous_20)
DA:1,1
DA:2,1
DA:8,1
DA:11,2
DA:14,1
DA:15,2
DA:16,2
DA:18,2
DA:20,2
DA:21,1
DA:24,1
DA:26,2
DA:28,1
DA:30,1
DA:32,1
LF:15
LH:15
BRDA:18,0,0,2
BRDA:20,1,0,1
BRDA:20,1,1,1
BRF:3
BRH:3
end_of_record
TN:
SF:src\modules\athletes\services\UpdateAthleteAthleteGroupService.ts
FN:9,(anonymous_18)
FN:10,UpdateAthleteAthleteGroupService
FN:18,(anonymous_20)
FNF:3
FNH:3
FNDA:1,(anonymous_18)
FNDA:3,UpdateAthleteAthleteGroupService
FNDA:3,(anonymous_20)
DA:1,1
DA:2,1
DA:9,1
DA:12,3
DA:15,3
DA:18,1
DA:19,3
DA:20,3
DA:22,3
DA:24,3
DA:25,1
DA:28,2
DA:32,2
DA:33,1
DA:36,1
DA:38,2
DA:40,1
DA:42,1
DA:44,1
LF:19
LH:19
BRDA:22,0,0,3
BRDA:24,1,0,1
BRDA:24,1,1,2
BRDA:32,2,0,1
BRDA:32,2,1,1
BRF:5
BRH:5
end_of_record
TN:
SF:src\modules\athletes\services\UpdateAthleteReferralGroupService.ts
FN:9,(anonymous_18)
FN:10,UpdateAthleteReferralGroupService
FN:18,(anonymous_20)
FNF:3
FNH:3
FNDA:1,(anonymous_18)
FNDA:3,UpdateAthleteReferralGroupService
FNDA:3,(anonymous_20)
DA:1,1
DA:2,1
DA:9,1
DA:12,3
DA:15,3
DA:18,1
DA:19,3
DA:20,3
DA:22,3
DA:24,3
DA:25,1
DA:28,2
DA:32,2
DA:33,1
DA:36,1
DA:38,2
DA:40,1
DA:42,1
DA:44,1
LF:19
LH:19
BRDA:22,0,0,3
BRDA:24,1,0,1
BRDA:24,1,1,2
BRDA:32,2,0,1
BRDA:32,2,1,1
BRF:5
BRH:5
end_of_record
TN:
SF:src\modules\athletes\services\UpdateAthleteService.ts
FN:9,(anonymous_18)
FN:10,UpdateAthleteService
FN:15,(anonymous_20)
FNF:3
FNH:3
FNDA:1,(anonymous_18)
FNDA:3,UpdateAthleteService
FNDA:5,(anonymous_20)
DA:1,1
DA:2,1
DA:3,1
DA:9,1
DA:12,3
DA:15,1
DA:16,5
DA:17,5
DA:18,5
DA:19,5
DA:21,5
DA:23,5
DA:24,1
DA:27,4
DA:28,3
DA:31,1
DA:37,2
DA:39,1
DA:41,1
DA:43,1
LF:20
LH:20
BRDA:21,0,0,5
BRDA:23,1,0,1
BRDA:23,1,1,4
BRDA:27,2,0,3
BRDA:27,2,1,1
BRDA:27,3,0,4
BRDA:27,3,1,3
BRDA:27,3,2,2
BRF:8
BRH:8
end_of_record
TN:
SF:src\modules\athletes\services\UpdateAthleteSubscriptionService.ts
FN:9,(anonymous_18)
FN:10,UpdateAthleteSubscriptionService
FN:18,(anonymous_20)
FNF:3
FNH:3
FNDA:1,(anonymous_18)
FNDA:3,UpdateAthleteSubscriptionService
FNDA:3,(anonymous_20)
DA:1,1
DA:2,1
DA:9,1
DA:12,3
DA:15,3
DA:18,1
DA:19,3
DA:20,3
DA:22,3
DA:24,3
DA:25,1
DA:28,2
DA:32,2
DA:33,1
DA:36,1
DA:38,2
DA:40,1
DA:42,1
DA:44,1
LF:19
LH:19
BRDA:22,0,0,3
BRDA:24,1,0,1
BRDA:24,1,1,2
BRDA:32,2,0,1
BRDA:32,2,1,1
BRF:5
BRH:5
end_of_record
TN:
SF:src\modules\payments\services\CreatePaymentService.ts
FN:10,(anonymous_18)
FN:11,CreatePaymentService
FN:19,(anonymous_20)
FNF:3
FNH:3
FNDA:1,(anonymous_18)
FNDA:6,CreatePaymentService
FNDA:6,(anonymous_20)
DA:1,1
DA:2,1
DA:3,1
DA:10,1
DA:13,6
DA:16,6
DA:19,1
DA:20,6
DA:21,6
DA:22,6
DA:23,6
DA:25,6
DA:26,1
DA:29,5
DA:30,1
DA:33,4
DA:34,1
DA:37,3
DA:38,1
DA:41,2
DA:43,2
DA:44,1
DA:47,1
DA:49,1
DA:50,1
DA:52,1
DA:60,1
DA:62,1
DA:64,1
LF:29
LH:29
BRDA:25,0,0,1
BRDA:25,0,1,5
BRDA:29,1,0,1
BRDA:29,1,1,4
BRDA:33,2,0,1
BRDA:33,2,1,3
BRDA:37,3,0,1
BRDA:37,3,1,2
BRDA:43,4,0,1
BRDA:43,4,1,1
BRF:10
BRH:10
end_of_record
TN:
SF:src\modules\payments\services\FindPaymentsByAthleteService.ts
FN:9,(anonymous_18)
FN:10,FindPaymentsByAthleteService
FN:18,(anonymous_20)
FNF:3
FNH:3
FNDA:1,(anonymous_18)
FNDA:2,FindPaymentsByAthleteService
FNDA:2,(anonymous_20)
DA:1,1
DA:2,1
DA:9,1
DA:12,2
DA:15,2
DA:18,2
DA:19,2
DA:21,2
DA:22,1
DA:25,1
DA:29,1
DA:31,1
DA:33,1
LF:13
LH:13
BRDA:19,0,0,2
BRDA:21,1,0,1
BRDA:21,1,1,1
BRF:3
BRH:3
end_of_record
TN:
SF:src\modules\payments\services\FindPaymentsByDateAndAthleteService.ts
FN:10,(anonymous_18)
FN:11,FindPaymentsByDateAndAthleteService
FN:19,(anonymous_20)
FNF:3
FNH:3
FNDA:1,(anonymous_18)
FNDA:2,FindPaymentsByDateAndAthleteService
FNDA:2,(anonymous_20)
DA:1,1
DA:2,1
DA:3,1
DA:10,1
DA:13,2
DA:16,2
DA:19,1
DA:20,2
DA:21,2
DA:23,2
DA:25,2
DA:26,1
DA:29,1
DA:31,1
DA:36,1
DA:38,1
DA:40,1
LF:17
LH:17
BRDA:23,0,0,2
BRDA:25,1,0,1
BRDA:25,1,1,1
BRF:3
BRH:3
end_of_record
TN:
SF:src\modules\payments\services\FindPaymentsByDateService.ts
FN:8,(anonymous_17)
FN:9,FindPaymentsByDateService
FN:14,(anonymous_19)
FNF:3
FNH:3
FNDA:1,(anonymous_17)
FNDA:1,FindPaymentsByDateService
FNDA:1,(anonymous_19)
DA:1,1
DA:2,1
DA:8,1
DA:11,1
DA:14,1
DA:15,1
DA:17,1
DA:19,1
DA:21,1
DA:23,1
LF:10
LH:10
BRF:0
BRH:0
end_of_record
TN:
SF:src\modules\referralgroups\services\CreateReferralGroupService.ts
FN:9,(anonymous_18)
FN:10,CreateReferralGroupService
FN:18,(anonymous_20)
FNF:3
FNH:3
FNDA:1,(anonymous_18)
FNDA:3,CreateReferralGroupService
FNDA:3,(anonymous_20)
DA:1,1
DA:2,1
DA:9,1
DA:12,3
DA:15,3
DA:18,1
DA:19,3
DA:21,3
DA:22,1
DA:28,2
DA:30,2
DA:31,1
DA:34,1
DA:36,1
DA:41,1
DA:43,2
DA:45,1
DA:47,1
DA:49,1
LF:19
LH:19
BRDA:21,0,0,1
BRDA:21,0,1,2
BRDA:30,1,0,1
BRDA:30,1,1,1
BRF:4
BRH:4
end_of_record
TN:
SF:src\modules\referralgroups\services\FindReferralGroupService.ts
FN:8,(anonymous_18)
FN:9,FindReferralGroupService
FN:14,(anonymous_20)
FNF:3
FNH:3
FNDA:1,(anonymous_18)
FNDA:3,FindReferralGroupService
FNDA:3,(anonymous_20)
DA:1,1
DA:2,1
DA:8,1
DA:11,3
DA:14,1
DA:15,3
DA:17,3
DA:18,1
DA:21,2
DA:25,2
DA:26,1
DA:29,1
DA:31,1
DA:33,1
LF:14
LH:14
BRDA:17,0,0,1
BRDA:17,0,1,2
BRDA:25,1,0,1
BRDA:25,1,1,1
BRF:4
BRH:4
end_of_record
TN:
SF:src\modules\referralgroups\services\ListReferralGroupsService.ts
FN:6,(anonymous_17)
FN:7,FindReferralGroupsService
FN:12,(anonymous_19)
FNF:3
FNH:3
FNDA:1,(anonymous_17)
FNDA:1,FindReferralGroupsService
FNDA:1,(anonymous_19)
DA:1,1
DA:6,1
DA:9,1
DA:12,1
DA:13,1
DA:15,1
DA:17,1
DA:19,1
LF:8
LH:8
BRDA:13,0,0,1
BRF:1
BRH:1
end_of_record
TN:
SF:src\modules\subscriptions\services\CreateSubscriptionService.ts
FN:8,(anonymous_18)
FN:9,CreateSubscriptionService
FN:14,(anonymous_20)
FNF:3
FNH:3
FNDA:1,(anonymous_18)
FNDA:3,CreateSubscriptionService
FNDA:3,(anonymous_20)
DA:1,1
DA:2,1
DA:8,1
DA:11,3
DA:14,1
DA:15,3
DA:16,3
DA:18,3
DA:19,1
DA:22,2
DA:23,1
DA:26,1
DA:31,1
DA:33,1
DA:35,1
LF:15
LH:15
BRDA:18,0,0,1
BRDA:18,0,1,2
BRDA:22,1,0,1
BRDA:22,1,1,1
BRF:4
BRH:4
end_of_record
TN:
SF:src\modules\subscriptions\services\ListSubscriptionsService.ts
FN:10,(anonymous_18)
FN:11,ListSubscriptionsService
FN:16,(anonymous_20)
FNF:3
FNH:3
FNDA:1,(anonymous_18)
FNDA:3,ListSubscriptionsService
FNDA:4,(anonymous_20)
DA:1,1
DA:2,1
DA:10,1
DA:13,3
DA:16,4
DA:17,7
DA:18,1
DA:21,1
DA:22,1
DA:25,3
DA:26,2
DA:29,1
DA:38,1
DA:40,1
DA:42,1
DA:44,1
LF:16
LH:16
BRDA:17,0,0,3
BRDA:17,0,1,1
BRDA:17,1,0,4
BRDA:17,1,1,3
BRDA:25,2,0,2
BRDA:25,2,1,1
BRDA:25,3,0,3
BRDA:25,3,1,2
BRF:8
BRH:8
end_of_record
TN:
SF:src\modules\subscriptions\services\UpdateSubscriptionService.ts
FN:8,(anonymous_18)
FN:9,UpdateSubscriptionService
FN:14,(anonymous_20)
FNF:3
FNH:3
FNDA:1,(anonymous_18)
FNDA:2,UpdateSubscriptionService
FNDA:2,(anonymous_20)
DA:1,1
DA:2,1
DA:8,1
DA:11,2
DA:14,1
DA:15,2
DA:16,2
DA:17,2
DA:19,2
DA:21,2
DA:22,1
DA:25,1
DA:27,2
DA:29,1
DA:31,1
DA:33,1
LF:16
LH:16
BRDA:19,0,0,2
BRDA:21,1,0,1
BRDA:21,1,1,1
BRF:3
BRH:3
end_of_record
TN:
SF:src\modules\users\services\AuthenticateUserService.ts
FN:10,(anonymous_18)
FN:11,AuthenticateUserService
FN:16,(anonymous_20)
FNF:3
FNH:0
FNDA:0,(anonymous_18)
FNDA:0,AuthenticateUserService
FNDA:0,(anonymous_20)
DA:1,0
DA:2,0
DA:3,0
DA:4,0
DA:5,0
DA:10,0
DA:13,0
DA:16,0
DA:17,0
DA:19,0
DA:20,0
DA:23,0
DA:25,0
DA:26,0
DA:29,0
DA:30,0
DA:35,0
DA:40,0
DA:42,0
LF:19
LH:0
BRDA:17,0,0,0
BRDA:19,1,0,0
BRDA:19,1,1,0
BRDA:25,2,0,0
BRDA:25,2,1,0
BRF:5
BRH:0
end_of_record
TN:
SF:src\modules\users\services\CreateUserService.ts
FN:9,(anonymous_18)
FN:10,CreateUserService
FN:15,(anonymous_20)
FNF:3
FNH:0
FNDA:0,(anonymous_18)
FNDA:0,CreateUserService
FNDA:0,(anonymous_20)
DA:1,0
DA:2,0
DA:3,0
DA:9,0
DA:12,0
DA:15,0
DA:16,0
DA:17,0
DA:18,0
DA:19,0
DA:21,0
DA:23,0
DA:24,0
DA:27,0
DA:29,0
DA:36,0
DA:38,0
DA:40,0
LF:18
LH:0
BRDA:21,0,0,0
BRDA:23,1,0,0
BRDA:23,1,1,0
BRF:3
BRH:0
end_of_record
